This is pdfTeX, Version 3.141592653-2.6-1.40.27 (MiKTeX 25.4) (preloaded format=latex 2025.7.11)  11 JUL 2025 11:07
entering extended mode
 restricted \write18 enabled.
 %&-line parsing enabled.
**./ListaEstadisticaInferencial.tex
(ListaEstadisticaInferencial.tex
LaTeX2e <2025-06-01> patch level 1
L3 programming layer <2025-06-09>
(C:\Users\anfalear\AppData\Local\Programs\MiKTeX\tex/latex/exam\exam.cls
Document Class: exam 2023/07/09 Version 2.704 by Philip Hirschhorn
(C:\Users\anfalear\AppData\Local\Programs\MiKTeX\tex/latex/base\ifthen.sty
Package: ifthen 2024/03/16 v1.1e Standard LaTeX ifthen package (DPC)
)
(C:\Users\anfalear\AppData\Local\Programs\MiKTeX\tex/latex/base\article.cls
Document Class: article 2025/01/22 v1.4n Standard LaTeX document class
(C:\Users\anfalear\AppData\Local\Programs\MiKTeX\tex/latex/base\size12.clo
File: size12.clo 2025/01/22 v1.4n Standard LaTeX file (size option)
)
\c@part=\count275
\c@section=\count276
\c@subsection=\count277
\c@subsubsection=\count278
\c@paragraph=\count279
\c@subparagraph=\count280
\c@figure=\count281
\c@table=\count282
\abovecaptionskip=\skip49
\belowcaptionskip=\skip50
\bibindent=\dimen148
)
\@extrawidth=\skip51
\@rightmargin=\skip52
\@extrahead=\skip53
\@extrafoot=\skip54
\run@exhd=\skip55
\fp@exhd=\skip56
\run@exft=\skip57
\fp@exft=\skip58
\covrun@exhd=\skip59
\covfp@exhd=\skip60
\covrun@exft=\skip61
\covfp@exft=\skip62
\c@num@coverpages=\count283
\c@latest@ques=\count284
\c@ques@end=\count285
\c@last@object=\count286
\c@incmp@ques=\count287
\c@next@ques=\count288
\c@next@page=\count289
\c@tmp@hlfcntr=\count290
\c@ifpos@cntr=\count291
\c@question=\count292
\c@partno=\count293
\c@subpart=\count294
\c@subsubpart=\count295
\c@choice=\count296
\c@numpoints=\count297
\c@numbonuspoints=\count298
\c@pointsof@thisquestion=\count299
\c@bonuspointsof@thisquestion=\count300
\c@numquestions=\count301
\c@numparts=\count302
\c@numsubparts=\count303
\c@numsubsubparts=\count304
\c@Curr@Page=\count305
\c@@pagepoints=\count306
\c@@pagebonuspoints=\count307
\c@pageof@pagepoints=\count308
\c@pageof@pagebonuspoints=\count309
\c@latest@points=\count310
\c@latest@bonuspoints=\count311
\pageinfo@commands=\toks17
\temp@toks=\toks18
\pagepoint@commands=\toks19
\point@toks=\toks20
\c@ques@object=\count312
\marginpointssep=\skip63
\rightpointsmargin=\skip64
\choice@toks=\toks21
\answerlinelength=\skip65
\answerskip=\skip66
\answerclearance=\skip67
\fillinlinelength=\skip68
\linefillheight=\skip69
\linefillthickness=\skip70
\dottedlinefillheight=\skip71
\gridsize=\skip72
\gridlinewidth=\skip73
\minboxheight=\skip74
\c@@iterator=\count313
\@cellwidth=\skip75
\c@tbl@points=\count314
\c@tbl@bonuspoints=\count315
\c@pq@index=\count316
\c@pq@index@pts=\count317
\c@pq@index@bpts=\count318
\c@num@cols=\count319
\c@num@rows=\count320
\c@current@row=\count321
\c@cols@done=\count322
\c@exam@saved@eqnum=\count323
\exam@box=\box53
\saved@totalleftmargin=\dimen149
\@sollistdepth=\count324
\exam@FrameRule=\dimen150
\exam@FrameSep=\dimen151
)
(C:\Users\anfalear\AppData\Local\Programs\MiKTeX\tex/latex/geometry\geometry.st
y
Package: geometry 2020/01/02 v5.9 Page Geometry

(C:\Users\anfalear\AppData\Local\Programs\MiKTeX\tex/latex/graphics\keyval.sty
Package: keyval 2022/05/29 v1.15 key=value parser (DPC)
\KV@toks@=\toks22
) (C:\Users\anfalear\AppData\Local\Programs\MiKTeX\tex/generic/iftex\ifvtex.sty
Package: ifvtex 2019/10/25 v1.7 ifvtex legacy package. Use iftex instead.

(C:\Users\anfalear\AppData\Local\Programs\MiKTeX\tex/generic/iftex\iftex.sty
Package: iftex 2024/12/12 v1.0g TeX engine tests
))
\Gm@cnth=\count325
\Gm@cntv=\count326
\c@Gm@tempcnt=\count327
\Gm@bindingoffset=\dimen152
\Gm@wd@mp=\dimen153
\Gm@odd@mp=\dimen154
\Gm@even@mp=\dimen155
\Gm@layoutwidth=\dimen156
\Gm@layoutheight=\dimen157
\Gm@layouthoffset=\dimen158
\Gm@layoutvoffset=\dimen159
\Gm@dimlist=\toks23

(C:\Users\anfalear\AppData\Local\Programs\MiKTeX\tex/latex/geometry\geometry.cf
g))
(C:\Users\anfalear\AppData\Local\Programs\MiKTeX\tex/latex/base\inputenc.sty
Package: inputenc 2024/02/08 v1.3d Input encoding file
\inpenc@prehook=\toks24
\inpenc@posthook=\toks25
)
(C:\Users\anfalear\AppData\Local\Programs\MiKTeX\tex/latex/base\fontenc.sty
Package: fontenc 2024/12/21 v2.1c Standard LaTeX package
)
(C:\Users\anfalear\AppData\Local\Programs\MiKTeX\tex/generic/babel\babel.sty
Package: babel 2025/05/14 v25.9 The multilingual framework for pdfLaTeX, LuaLaT
eX and XeLaTeX
\babel@savecnt=\count328
LaTeX Encoding Info:    Redeclaring text command \ij (encoding OT1) on input li
ne 2043.
LaTeX Encoding Info:    Redeclaring text command \IJ (encoding OT1) on input li
ne 2045.
LaTeX Encoding Info:    Redeclaring text command \ij (encoding T1) on input lin
e 2047.
LaTeX Encoding Info:    Redeclaring text command \IJ (encoding T1) on input lin
e 2048.
LaTeX Encoding Info:    Ignoring declaration for text command \ij (encoding ?) 
on input line 2049.
LaTeX Encoding Info:    Ignoring declaration for text command \IJ (encoding ?) 
on input line 2051.
LaTeX Encoding Info:    Ignoring declaration for text command \SS (encoding ?) 
on input line 2076.
\U@D=\dimen160
\l@unhyphenated=\language79

(C:\Users\anfalear\AppData\Local\Programs\MiKTeX\tex/generic/babel\txtbabel.def
)
\bbl@readstream=\read2
\bbl@dirlevel=\count329

*************************************
* Local config file bblopts.cfg used
*
(C:\Users\anfalear\AppData\Local\Programs\MiKTeX\tex/latex/arabi\bblopts.cfg
File: bblopts.cfg 2005/09/08 v0.1 add Arabic and Farsi to "declared" options of
 babel
)
(C:\Users\anfalear\AppData\Local\Programs\MiKTeX\tex/latex/babel-spanish\spanis
h.ldf
Language: spanish.ldf 2021/05/27 v5.0q Spanish support from the babel system

(C:\Users\anfalear\AppData\Local\Programs\MiKTeX\tex/generic/babel/locale/es\ba
bel-spanish.tex
Package babel Info: Importing font and identification data for spanish
(babel)             from babel-es.ini. Reported on input line 11.
)
\es@quottoks=\toks26
\es@quotdepth=\count330
Package babel Info: Making " an active character on input line 570.
Package babel Info: Making . an active character on input line 675.
Package babel Info: Making < an active character on input line 722.
Package babel Info: Making > an active character on input line 722.
))
LaTeX Encoding Info:    Redeclaring text command \guillemotleft (encoding OT1) 
on input line 8.
LaTeX Encoding Info:    Redeclaring text command \guillemotright (encoding OT1)
 on input line 8.

(C:\Users\anfalear\AppData\Local\Programs\MiKTeX\tex/latex/lm\lmodern.sty
Package: lmodern 2015/05/01 v1.6.1 Latin Modern Fonts
LaTeX Font Info:    Overwriting symbol font `operators' in version `normal'
(Font)                  OT1/cmr/m/n --> OT1/lmr/m/n on input line 22.
LaTeX Font Info:    Overwriting symbol font `letters' in version `normal'
(Font)                  OML/cmm/m/it --> OML/lmm/m/it on input line 23.
LaTeX Font Info:    Overwriting symbol font `symbols' in version `normal'
(Font)                  OMS/cmsy/m/n --> OMS/lmsy/m/n on input line 24.
LaTeX Font Info:    Overwriting symbol font `largesymbols' in version `normal'
(Font)                  OMX/cmex/m/n --> OMX/lmex/m/n on input line 25.
LaTeX Font Info:    Overwriting symbol font `operators' in version `bold'
(Font)                  OT1/cmr/bx/n --> OT1/lmr/bx/n on input line 26.
LaTeX Font Info:    Overwriting symbol font `letters' in version `bold'
(Font)                  OML/cmm/b/it --> OML/lmm/b/it on input line 27.
LaTeX Font Info:    Overwriting symbol font `symbols' in version `bold'
(Font)                  OMS/cmsy/b/n --> OMS/lmsy/b/n on input line 28.
LaTeX Font Info:    Overwriting symbol font `largesymbols' in version `bold'
(Font)                  OMX/cmex/m/n --> OMX/lmex/m/n on input line 29.
LaTeX Font Info:    Overwriting math alphabet `\mathbf' in version `normal'
(Font)                  OT1/cmr/bx/n --> OT1/lmr/bx/n on input line 31.
LaTeX Font Info:    Overwriting math alphabet `\mathsf' in version `normal'
(Font)                  OT1/cmss/m/n --> OT1/lmss/m/n on input line 32.
LaTeX Font Info:    Overwriting math alphabet `\mathit' in version `normal'
(Font)                  OT1/cmr/m/it --> OT1/lmr/m/it on input line 33.
LaTeX Font Info:    Overwriting math alphabet `\mathtt' in version `normal'
(Font)                  OT1/cmtt/m/n --> OT1/lmtt/m/n on input line 34.
LaTeX Font Info:    Overwriting math alphabet `\mathbf' in version `bold'
(Font)                  OT1/cmr/bx/n --> OT1/lmr/bx/n on input line 35.
LaTeX Font Info:    Overwriting math alphabet `\mathsf' in version `bold'
(Font)                  OT1/cmss/bx/n --> OT1/lmss/bx/n on input line 36.
LaTeX Font Info:    Overwriting math alphabet `\mathit' in version `bold'
(Font)                  OT1/cmr/bx/it --> OT1/lmr/bx/it on input line 37.
LaTeX Font Info:    Overwriting math alphabet `\mathtt' in version `bold'
(Font)                  OT1/cmtt/m/n --> OT1/lmtt/m/n on input line 38.
)
(C:\Users\anfalear\AppData\Local\Programs\MiKTeX\tex/latex/amsmath\amsmath.sty
Package: amsmath 2025/06/16 v2.17y AMS math features
\@mathmargin=\skip76

For additional information on amsmath, use the `?' option.
(C:\Users\anfalear\AppData\Local\Programs\MiKTeX\tex/latex/amsmath\amstext.sty
Package: amstext 2024/11/17 v2.01 AMS text

(C:\Users\anfalear\AppData\Local\Programs\MiKTeX\tex/latex/amsmath\amsgen.sty
File: amsgen.sty 1999/11/30 v2.0 generic functions
\@emptytoks=\toks27
\ex@=\dimen161
)) (C:\Users\anfalear\AppData\Local\Programs\MiKTeX\tex/latex/amsmath\amsbsy.st
y
Package: amsbsy 1999/11/29 v1.2d Bold Symbols
\pmbraise@=\dimen162
) (C:\Users\anfalear\AppData\Local\Programs\MiKTeX\tex/latex/amsmath\amsopn.sty
Package: amsopn 2022/04/08 v2.04 operator names
)
\inf@bad=\count331
LaTeX Info: Redefining \frac on input line 233.
\uproot@=\count332
\leftroot@=\count333
LaTeX Info: Redefining \overline on input line 398.
LaTeX Info: Redefining \colon on input line 409.
\classnum@=\count334
\DOTSCASE@=\count335
LaTeX Info: Redefining \ldots on input line 495.
LaTeX Info: Redefining \dots on input line 498.
LaTeX Info: Redefining \cdots on input line 619.
\Mathstrutbox@=\box54
\strutbox@=\box55
LaTeX Info: Redefining \big on input line 721.
LaTeX Info: Redefining \Big on input line 722.
LaTeX Info: Redefining \bigg on input line 723.
LaTeX Info: Redefining \Bigg on input line 724.
\big@size=\dimen163
LaTeX Font Info:    Redeclaring font encoding OML on input line 742.
LaTeX Font Info:    Redeclaring font encoding OMS on input line 743.
\macc@depth=\count336
LaTeX Info: Redefining \bmod on input line 904.
LaTeX Info: Redefining \pmod on input line 909.
LaTeX Info: Redefining \smash on input line 939.
LaTeX Info: Redefining \relbar on input line 969.
LaTeX Info: Redefining \Relbar on input line 970.
\c@MaxMatrixCols=\count337
\dotsspace@=\muskip17
\c@parentequation=\count338
\dspbrk@lvl=\count339
\tag@help=\toks28
\row@=\count340
\column@=\count341
\maxfields@=\count342
\andhelp@=\toks29
\eqnshift@=\dimen164
\alignsep@=\dimen165
\tagshift@=\dimen166
\tagwidth@=\dimen167
\totwidth@=\dimen168
\lineht@=\dimen169
\@envbody=\toks30
\multlinegap=\skip77
\multlinetaggap=\skip78
\mathdisplay@stack=\toks31
LaTeX Info: Redefining \[ on input line 2949.
LaTeX Info: Redefining \] on input line 2950.
) (C:\Users\anfalear\AppData\Local\Programs\MiKTeX\tex/latex/amscls\amsthm.sty
Package: amsthm 2020/05/29 v2.20.6
\thm@style=\toks32
\thm@bodyfont=\toks33
\thm@headfont=\toks34
\thm@notefont=\toks35
\thm@headpunct=\toks36
\thm@preskip=\skip79
\thm@postskip=\skip80
\thm@headsep=\skip81
\dth@everypar=\toks37
)
(C:\Users\anfalear\AppData\Local\Programs\MiKTeX\tex/latex/amsfonts\amssymb.sty
Package: amssymb 2013/01/14 v3.01 AMS font symbols

(C:\Users\anfalear\AppData\Local\Programs\MiKTeX\tex/latex/amsfonts\amsfonts.st
y
Package: amsfonts 2013/01/14 v3.01 Basic AMSFonts support
\symAMSa=\mathgroup4
\symAMSb=\mathgroup5
LaTeX Font Info:    Redeclaring math symbol \hbar on input line 98.
LaTeX Font Info:    Overwriting math alphabet `\mathfrak' in version `bold'
(Font)                  U/euf/m/n --> U/euf/b/n on input line 106.
))
(C:\Users\anfalear\AppData\Local\Programs\MiKTeX\tex/latex/jknappen\mathrsfs.st
y
Package: mathrsfs 1996/01/01 Math RSFS package v1.0 (jk)
\symrsfs=\mathgroup6
) (C:\Users\anfalear\AppData\Local\Programs\MiKTeX\tex/latex/tools\array.sty
Package: array 2025/06/08 v2.6j Tabular extension package (FMi)
\col@sep=\dimen170
\ar@mcellbox=\box56
\extrarowheight=\dimen171
\NC@list=\toks38
\extratabsurround=\skip82
\backup@length=\skip83
\ar@cellbox=\box57
)
(C:\Users\anfalear\AppData\Local\Programs\MiKTeX\tex/latex/booktabs\booktabs.st
y
Package: booktabs 2020/01/12 v1.61803398 Publication quality tables
\heavyrulewidth=\dimen172
\lightrulewidth=\dimen173
\cmidrulewidth=\dimen174
\belowrulesep=\dimen175
\belowbottomsep=\dimen176
\aboverulesep=\dimen177
\abovetopsep=\dimen178
\cmidrulesep=\dimen179
\cmidrulekern=\dimen180
\defaultaddspace=\dimen181
\@cmidla=\count343
\@cmidlb=\count344
\@aboverulesep=\dimen182
\@belowrulesep=\dimen183
\@thisruleclass=\count345
\@lastruleclass=\count346
\@thisrulewidth=\dimen184
)
(C:\Users\anfalear\AppData\Local\Programs\MiKTeX\tex/latex/multirow\multirow.st
y
Package: multirow 2024/11/12 v2.9 Span multiple rows of a table
\multirow@colwidth=\skip84
\multirow@cntb=\count347
\multirow@dima=\skip85
\bigstrutjot=\dimen185
)
(C:\Users\anfalear\AppData\Local\Programs\MiKTeX\tex/latex/tools\tabularx.sty
Package: tabularx 2023/12/11 v2.12a `tabularx' package (DPC)
\TX@col@width=\dimen186
\TX@old@table=\dimen187
\TX@old@col=\dimen188
\TX@target=\dimen189
\TX@delta=\dimen190
\TX@cols=\count348
\TX@ftn=\toks39
)
(C:\Users\anfalear\AppData\Local\Programs\MiKTeX\tex/latex/colortbl\colortbl.st
y
Package: colortbl 2024/10/29 v1.0k Color table columns (DPC)
 (C:\Users\anfalear\AppData\Local\Programs\MiKTeX\tex/latex/graphics\color.sty
Package: color 2025/01/14 v1.3e Standard LaTeX Color (DPC)

(C:\Users\anfalear\AppData\Local\Programs\MiKTeX\tex/latex/graphics-cfg\color.c
fg
File: color.cfg 2016/01/02 v1.6 sample color configuration
)
Package color Info: Driver file: dvips.def on input line 149.

(C:\Users\anfalear\AppData\Local\Programs\MiKTeX\tex/latex/graphics-def\dvips.d
ef
File: dvips.def 2022/09/22 v3.1e Graphics/color driver for dvips
)
(C:\Users\anfalear\AppData\Local\Programs\MiKTeX\tex/latex/graphics\dvipsnam.de
f
File: dvipsnam.def 2016/06/17 v3.0m Driver-dependent file (DPC,SPQR)
)
(C:\Users\anfalear\AppData\Local\Programs\MiKTeX\tex/latex/graphics\mathcolor.l
tx))
\everycr=\toks40
\minrowclearance=\skip86
\rownum=\count349
)
(C:\Users\anfalear\AppData\Local\Programs\MiKTeX\tex/latex/graphics\graphicx.st
y
Package: graphicx 2024/12/31 v1.2e Enhanced LaTeX Graphics (DPC,SPQR)

(C:\Users\anfalear\AppData\Local\Programs\MiKTeX\tex/latex/graphics\graphics.st
y
Package: graphics 2024/08/06 v1.4g Standard LaTeX Graphics (DPC,SPQR)
 (C:\Users\anfalear\AppData\Local\Programs\MiKTeX\tex/latex/graphics\trig.sty
Package: trig 2023/12/02 v1.11 sin cos tan (DPC)
)
(C:\Users\anfalear\AppData\Local\Programs\MiKTeX\tex/latex/graphics-cfg\graphic
s.cfg
File: graphics.cfg 2016/06/04 v1.11 sample graphics configuration
)
Package graphics Info: Driver file: dvips.def on input line 106.
)
\Gin@req@height=\dimen191
\Gin@req@width=\dimen192
)
(C:\Users\anfalear\AppData\Local\Programs\MiKTeX\tex/latex/float\float.sty
Package: float 2001/11/08 v1.3d Float enhancements (AL)
\c@float@type=\count350
\float@exts=\toks41
\float@box=\box58
\@float@everytoks=\toks42
\@floatcapt=\box59
)
(C:\Users\anfalear\AppData\Local\Programs\MiKTeX\tex/latex/pgf/basiclayer\pgf.s
ty
(C:\Users\anfalear\AppData\Local\Programs\MiKTeX\tex/latex/pgf/utilities\pgfrcs
.sty
(C:\Users\anfalear\AppData\Local\Programs\MiKTeX\tex/generic/pgf/utilities\pgfu
til-common.tex
\pgfutil@everybye=\toks43
\pgfutil@tempdima=\dimen193
\pgfutil@tempdimb=\dimen194
)
(C:\Users\anfalear\AppData\Local\Programs\MiKTeX\tex/generic/pgf/utilities\pgfu
til-latex.def
\pgfutil@abb=\box60
)
(C:\Users\anfalear\AppData\Local\Programs\MiKTeX\tex/generic/pgf/utilities\pgfr
cs.code.tex
(C:\Users\anfalear\AppData\Local\Programs\MiKTeX\tex/generic/pgf\pgf.revision.t
ex)
Package: pgfrcs 2023-01-15 v3.1.10 (3.1.10)
))
Package: pgf 2023-01-15 v3.1.10 (3.1.10)

(C:\Users\anfalear\AppData\Local\Programs\MiKTeX\tex/latex/pgf/basiclayer\pgfco
re.sty
(C:\Users\anfalear\AppData\Local\Programs\MiKTeX\tex/latex/pgf/systemlayer\pgfs
ys.sty
(C:\Users\anfalear\AppData\Local\Programs\MiKTeX\tex/generic/pgf/systemlayer\pg
fsys.code.tex
Package: pgfsys 2023-01-15 v3.1.10 (3.1.10)

(C:\Users\anfalear\AppData\Local\Programs\MiKTeX\tex/generic/pgf/utilities\pgfk
eys.code.tex
\pgfkeys@pathtoks=\toks44
\pgfkeys@temptoks=\toks45

(C:\Users\anfalear\AppData\Local\Programs\MiKTeX\tex/generic/pgf/utilities\pgfk
eyslibraryfiltered.code.tex
\pgfkeys@tmptoks=\toks46
))
\pgf@x=\dimen195
\pgf@y=\dimen196
\pgf@xa=\dimen197
\pgf@ya=\dimen198
\pgf@xb=\dimen199
\pgf@yb=\dimen256
\pgf@xc=\dimen257
\pgf@yc=\dimen258
\pgf@xd=\dimen259
\pgf@yd=\dimen260
\w@pgf@writea=\write3
\r@pgf@reada=\read3
\c@pgf@counta=\count351
\c@pgf@countb=\count352
\c@pgf@countc=\count353
\c@pgf@countd=\count354
\t@pgf@toka=\toks47
\t@pgf@tokb=\toks48
\t@pgf@tokc=\toks49
\pgf@sys@id@count=\count355

(C:\Users\anfalear\AppData\Local\Programs\MiKTeX\tex/generic/pgf/systemlayer\pg
f.cfg
File: pgf.cfg 2023-01-15 v3.1.10 (3.1.10)
)
Driver file for pgf: pgfsys-dvips.def

(C:\Users\anfalear\AppData\Local\Programs\MiKTeX\tex/generic/pgf/systemlayer\pg
fsys-dvips.def
File: pgfsys-dvips.def 2023-01-15 v3.1.10 (3.1.10)

(C:\Users\anfalear\AppData\Local\Programs\MiKTeX\tex/generic/pgf/systemlayer\pg
fsys-common-postscript.def
File: pgfsys-common-postscript.def 2023-01-15 v3.1.10 (3.1.10)
\pgf@objectcount=\count356
)))
(C:\Users\anfalear\AppData\Local\Programs\MiKTeX\tex/generic/pgf/systemlayer\pg
fsyssoftpath.code.tex
File: pgfsyssoftpath.code.tex 2023-01-15 v3.1.10 (3.1.10)
\pgfsyssoftpath@smallbuffer@items=\count357
\pgfsyssoftpath@bigbuffer@items=\count358
)
(C:\Users\anfalear\AppData\Local\Programs\MiKTeX\tex/generic/pgf/systemlayer\pg
fsysprotocol.code.tex
File: pgfsysprotocol.code.tex 2023-01-15 v3.1.10 (3.1.10)
))
(C:\Users\anfalear\AppData\Local\Programs\MiKTeX\tex/latex/xcolor\xcolor.sty
Package: xcolor 2024/09/29 v3.02 LaTeX color extensions (UK)

(C:\Users\anfalear\AppData\Local\Programs\MiKTeX\tex/latex/graphics-cfg\color.c
fg
File: color.cfg 2016/01/02 v1.6 sample color configuration
)
Package xcolor Info: Driver file: dvips.def on input line 274.
LaTeX Info: Redefining \color on input line 762.

(C:\Users\anfalear\AppData\Local\Programs\MiKTeX\tex/latex/graphics\mathcolor.l
tx)
Package xcolor Info: Model `cmy' substituted by `cmy0' on input line 1349.
Package xcolor Info: Model `RGB' extended on input line 1365.
Package xcolor Info: Model `HTML' substituted by `rgb' on input line 1367.
Package xcolor Info: Model `Hsb' substituted by `hsb' on input line 1368.
Package xcolor Info: Model `tHsb' substituted by `hsb' on input line 1369.
Package xcolor Info: Model `HSB' substituted by `hsb' on input line 1370.
Package xcolor Info: Model `Gray' substituted by `gray' on input line 1371.
Package xcolor Info: Model `wave' substituted by `hsb' on input line 1372.
)
(C:\Users\anfalear\AppData\Local\Programs\MiKTeX\tex/generic/pgf/basiclayer\pgf
core.code.tex
Package: pgfcore 2023-01-15 v3.1.10 (3.1.10)

(C:\Users\anfalear\AppData\Local\Programs\MiKTeX\tex/generic/pgf/math\pgfmath.c
ode.tex
(C:\Users\anfalear\AppData\Local\Programs\MiKTeX\tex/generic/pgf/math\pgfmathut
il.code.tex)
(C:\Users\anfalear\AppData\Local\Programs\MiKTeX\tex/generic/pgf/math\pgfmathpa
rser.code.tex
\pgfmath@dimen=\dimen261
\pgfmath@count=\count359
\pgfmath@box=\box61
\pgfmath@toks=\toks50
\pgfmath@stack@operand=\toks51
\pgfmath@stack@operation=\toks52
)
(C:\Users\anfalear\AppData\Local\Programs\MiKTeX\tex/generic/pgf/math\pgfmathfu
nctions.code.tex)
(C:\Users\anfalear\AppData\Local\Programs\MiKTeX\tex/generic/pgf/math\pgfmathfu
nctions.basic.code.tex)
(C:\Users\anfalear\AppData\Local\Programs\MiKTeX\tex/generic/pgf/math\pgfmathfu
nctions.trigonometric.code.tex)
(C:\Users\anfalear\AppData\Local\Programs\MiKTeX\tex/generic/pgf/math\pgfmathfu
nctions.random.code.tex)
(C:\Users\anfalear\AppData\Local\Programs\MiKTeX\tex/generic/pgf/math\pgfmathfu
nctions.comparison.code.tex)
(C:\Users\anfalear\AppData\Local\Programs\MiKTeX\tex/generic/pgf/math\pgfmathfu
nctions.base.code.tex)
(C:\Users\anfalear\AppData\Local\Programs\MiKTeX\tex/generic/pgf/math\pgfmathfu
nctions.round.code.tex)
(C:\Users\anfalear\AppData\Local\Programs\MiKTeX\tex/generic/pgf/math\pgfmathfu
nctions.misc.code.tex)
(C:\Users\anfalear\AppData\Local\Programs\MiKTeX\tex/generic/pgf/math\pgfmathfu
nctions.integerarithmetics.code.tex)
(C:\Users\anfalear\AppData\Local\Programs\MiKTeX\tex/generic/pgf/math\pgfmathca
lc.code.tex)
(C:\Users\anfalear\AppData\Local\Programs\MiKTeX\tex/generic/pgf/math\pgfmathfl
oat.code.tex
\c@pgfmathroundto@lastzeros=\count360
))
(C:\Users\anfalear\AppData\Local\Programs\MiKTeX\tex/generic/pgf/math\pgfint.co
de.tex)
(C:\Users\anfalear\AppData\Local\Programs\MiKTeX\tex/generic/pgf/basiclayer\pgf
corepoints.code.tex
File: pgfcorepoints.code.tex 2023-01-15 v3.1.10 (3.1.10)
\pgf@picminx=\dimen262
\pgf@picmaxx=\dimen263
\pgf@picminy=\dimen264
\pgf@picmaxy=\dimen265
\pgf@pathminx=\dimen266
\pgf@pathmaxx=\dimen267
\pgf@pathminy=\dimen268
\pgf@pathmaxy=\dimen269
\pgf@xx=\dimen270
\pgf@xy=\dimen271
\pgf@yx=\dimen272
\pgf@yy=\dimen273
\pgf@zx=\dimen274
\pgf@zy=\dimen275
)
(C:\Users\anfalear\AppData\Local\Programs\MiKTeX\tex/generic/pgf/basiclayer\pgf
corepathconstruct.code.tex
File: pgfcorepathconstruct.code.tex 2023-01-15 v3.1.10 (3.1.10)
\pgf@path@lastx=\dimen276
\pgf@path@lasty=\dimen277
)
(C:\Users\anfalear\AppData\Local\Programs\MiKTeX\tex/generic/pgf/basiclayer\pgf
corepathusage.code.tex
File: pgfcorepathusage.code.tex 2023-01-15 v3.1.10 (3.1.10)
\pgf@shorten@end@additional=\dimen278
\pgf@shorten@start@additional=\dimen279
)
(C:\Users\anfalear\AppData\Local\Programs\MiKTeX\tex/generic/pgf/basiclayer\pgf
corescopes.code.tex
File: pgfcorescopes.code.tex 2023-01-15 v3.1.10 (3.1.10)
\pgfpic=\box62
\pgf@hbox=\box63
\pgf@layerbox@main=\box64
\pgf@picture@serial@count=\count361
)
(C:\Users\anfalear\AppData\Local\Programs\MiKTeX\tex/generic/pgf/basiclayer\pgf
coregraphicstate.code.tex
File: pgfcoregraphicstate.code.tex 2023-01-15 v3.1.10 (3.1.10)
\pgflinewidth=\dimen280
)
(C:\Users\anfalear\AppData\Local\Programs\MiKTeX\tex/generic/pgf/basiclayer\pgf
coretransformations.code.tex
File: pgfcoretransformations.code.tex 2023-01-15 v3.1.10 (3.1.10)
\pgf@pt@x=\dimen281
\pgf@pt@y=\dimen282
\pgf@pt@temp=\dimen283
)
(C:\Users\anfalear\AppData\Local\Programs\MiKTeX\tex/generic/pgf/basiclayer\pgf
corequick.code.tex
File: pgfcorequick.code.tex 2023-01-15 v3.1.10 (3.1.10)
)
(C:\Users\anfalear\AppData\Local\Programs\MiKTeX\tex/generic/pgf/basiclayer\pgf
coreobjects.code.tex
File: pgfcoreobjects.code.tex 2023-01-15 v3.1.10 (3.1.10)
)
(C:\Users\anfalear\AppData\Local\Programs\MiKTeX\tex/generic/pgf/basiclayer\pgf
corepathprocessing.code.tex
File: pgfcorepathprocessing.code.tex 2023-01-15 v3.1.10 (3.1.10)
)
(C:\Users\anfalear\AppData\Local\Programs\MiKTeX\tex/generic/pgf/basiclayer\pgf
corearrows.code.tex
File: pgfcorearrows.code.tex 2023-01-15 v3.1.10 (3.1.10)
\pgfarrowsep=\dimen284
)
(C:\Users\anfalear\AppData\Local\Programs\MiKTeX\tex/generic/pgf/basiclayer\pgf
coreshade.code.tex
File: pgfcoreshade.code.tex 2023-01-15 v3.1.10 (3.1.10)
\pgf@max=\dimen285
\pgf@sys@shading@range@num=\count362
\pgf@shadingcount=\count363
)
(C:\Users\anfalear\AppData\Local\Programs\MiKTeX\tex/generic/pgf/basiclayer\pgf
coreimage.code.tex
File: pgfcoreimage.code.tex 2023-01-15 v3.1.10 (3.1.10)
)
(C:\Users\anfalear\AppData\Local\Programs\MiKTeX\tex/generic/pgf/basiclayer\pgf
coreexternal.code.tex
File: pgfcoreexternal.code.tex 2023-01-15 v3.1.10 (3.1.10)
\pgfexternal@startupbox=\box65
)
(C:\Users\anfalear\AppData\Local\Programs\MiKTeX\tex/generic/pgf/basiclayer\pgf
corelayers.code.tex
File: pgfcorelayers.code.tex 2023-01-15 v3.1.10 (3.1.10)
)
(C:\Users\anfalear\AppData\Local\Programs\MiKTeX\tex/generic/pgf/basiclayer\pgf
coretransparency.code.tex
File: pgfcoretransparency.code.tex 2023-01-15 v3.1.10 (3.1.10)
)
(C:\Users\anfalear\AppData\Local\Programs\MiKTeX\tex/generic/pgf/basiclayer\pgf
corepatterns.code.tex
File: pgfcorepatterns.code.tex 2023-01-15 v3.1.10 (3.1.10)
)
(C:\Users\anfalear\AppData\Local\Programs\MiKTeX\tex/generic/pgf/basiclayer\pgf
corerdf.code.tex
File: pgfcorerdf.code.tex 2023-01-15 v3.1.10 (3.1.10)
)))
(C:\Users\anfalear\AppData\Local\Programs\MiKTeX\tex/generic/pgf/modules\pgfmod
uleshapes.code.tex
File: pgfmoduleshapes.code.tex 2023-01-15 v3.1.10 (3.1.10)
\pgfnodeparttextbox=\box66
)
(C:\Users\anfalear\AppData\Local\Programs\MiKTeX\tex/generic/pgf/modules\pgfmod
uleplot.code.tex
File: pgfmoduleplot.code.tex 2023-01-15 v3.1.10 (3.1.10)
)
(C:\Users\anfalear\AppData\Local\Programs\MiKTeX\tex/latex/pgf/compatibility\pg
fcomp-version-0-65.sty
Package: pgfcomp-version-0-65 2023-01-15 v3.1.10 (3.1.10)
\pgf@nodesepstart=\dimen286
\pgf@nodesepend=\dimen287
)
(C:\Users\anfalear\AppData\Local\Programs\MiKTeX\tex/latex/pgf/compatibility\pg
fcomp-version-1-18.sty
Package: pgfcomp-version-1-18 2023-01-15 v3.1.10 (3.1.10)
))
(C:\Users\anfalear\AppData\Local\Programs\MiKTeX\tex/latex/pgf/frontendlayer\ti
kz.sty
(C:\Users\anfalear\AppData\Local\Programs\MiKTeX\tex/latex/pgf/utilities\pgffor
.sty
(C:\Users\anfalear\AppData\Local\Programs\MiKTeX\tex/latex/pgf/utilities\pgfkey
s.sty
(C:\Users\anfalear\AppData\Local\Programs\MiKTeX\tex/generic/pgf/utilities\pgfk
eys.code.tex))
(C:\Users\anfalear\AppData\Local\Programs\MiKTeX\tex/latex/pgf/math\pgfmath.sty

(C:\Users\anfalear\AppData\Local\Programs\MiKTeX\tex/generic/pgf/math\pgfmath.c
ode.tex))
(C:\Users\anfalear\AppData\Local\Programs\MiKTeX\tex/generic/pgf/utilities\pgff
or.code.tex
Package: pgffor 2023-01-15 v3.1.10 (3.1.10)
\pgffor@iter=\dimen288
\pgffor@skip=\dimen289
\pgffor@stack=\toks53
\pgffor@toks=\toks54
))
(C:\Users\anfalear\AppData\Local\Programs\MiKTeX\tex/generic/pgf/frontendlayer/
tikz\tikz.code.tex
Package: tikz 2023-01-15 v3.1.10 (3.1.10)

(C:\Users\anfalear\AppData\Local\Programs\MiKTeX\tex/generic/pgf/libraries\pgfl
ibraryplothandlers.code.tex
File: pgflibraryplothandlers.code.tex 2023-01-15 v3.1.10 (3.1.10)
\pgf@plot@mark@count=\count364
\pgfplotmarksize=\dimen290
)
\tikz@lastx=\dimen291
\tikz@lasty=\dimen292
\tikz@lastxsaved=\dimen293
\tikz@lastysaved=\dimen294
\tikz@lastmovetox=\dimen295
\tikz@lastmovetoy=\dimen296
\tikzleveldistance=\dimen297
\tikzsiblingdistance=\dimen298
\tikz@figbox=\box67
\tikz@figbox@bg=\box68
\tikz@tempbox=\box69
\tikz@tempbox@bg=\box70
\tikztreelevel=\count365
\tikznumberofchildren=\count366
\tikznumberofcurrentchild=\count367
\tikz@fig@count=\count368

(C:\Users\anfalear\AppData\Local\Programs\MiKTeX\tex/generic/pgf/modules\pgfmod
ulematrix.code.tex
File: pgfmodulematrix.code.tex 2023-01-15 v3.1.10 (3.1.10)
\pgfmatrixcurrentrow=\count369
\pgfmatrixcurrentcolumn=\count370
\pgf@matrix@numberofcolumns=\count371
)
\tikz@expandcount=\count372

(C:\Users\anfalear\AppData\Local\Programs\MiKTeX\tex/generic/pgf/frontendlayer/
tikz/libraries\tikzlibrarytopaths.code.tex
File: tikzlibrarytopaths.code.tex 2023-01-15 v3.1.10 (3.1.10)
)))
(C:\Users\anfalear\AppData\Local\Programs\MiKTeX\tex/latex/pgfplots\pgfplots.st
y
(C:\Users\anfalear\AppData\Local\Programs\MiKTeX\tex/generic/pgfplots\pgfplots.
revision.tex)
Package: pgfplots 2021/05/15 v1.18.1 Data Visualization (1.18.1)

(C:\Users\anfalear\AppData\Local\Programs\MiKTeX\tex/generic/pgfplots\pgfplots.
code.tex
(C:\Users\anfalear\AppData\Local\Programs\MiKTeX\tex/generic/pgfplots\pgfplotsc
ore.code.tex
\t@pgfplots@toka=\toks55
\t@pgfplots@tokb=\toks56
\t@pgfplots@tokc=\toks57
\pgfplots@tmpa=\dimen299
\c@pgfplots@coordindex=\count373
\c@pgfplots@scanlineindex=\count374

(C:\Users\anfalear\AppData\Local\Programs\MiKTeX\tex/generic/pgfplots/sys\pgfpl
otssysgeneric.code.tex))
(C:\Users\anfalear\AppData\Local\Programs\MiKTeX\tex/generic/pgfplots/libs\pgfp
lotslibrary.code.tex)
(C:\Users\anfalear\AppData\Local\Programs\MiKTeX\tex/generic/pgfplots/oldpgfcom
patib\pgfplotsoldpgfsupp_loader.code.tex
(C:\Users\anfalear\AppData\Local\Programs\MiKTeX\tex/generic/pgf/libraries\pgfl
ibraryfpu.code.tex)
Package pgfplots: loading complementary utilities for your pgf version...
\t@pgf@toka=\toks58
\t@pgf@tokb=\toks59
\t@pgf@tokc=\toks60

(C:\Users\anfalear\AppData\Local\Programs\MiKTeX\tex/generic/pgfplots/oldpgfcom
patib\pgfplotsoldpgfsupp_pgfutil-common-lists.tex))
(C:\Users\anfalear\AppData\Local\Programs\MiKTeX\tex/generic/pgfplots/util\pgfp
lotsutil.code.tex
(C:\Users\anfalear\AppData\Local\Programs\MiKTeX\tex/generic/pgfplots/liststruc
ture\pgfplotsliststructure.code.tex)
(C:\Users\anfalear\AppData\Local\Programs\MiKTeX\tex/generic/pgfplots/liststruc
ture\pgfplotsliststructureext.code.tex)
(C:\Users\anfalear\AppData\Local\Programs\MiKTeX\tex/generic/pgfplots/liststruc
ture\pgfplotsarray.code.tex
\c@pgfplotsarray@tmp=\count375
)
(C:\Users\anfalear\AppData\Local\Programs\MiKTeX\tex/generic/pgfplots/liststruc
ture\pgfplotsmatrix.code.tex)
(C:\Users\anfalear\AppData\Local\Programs\MiKTeX\tex/generic/pgfplots/numtable\
pgfplotstableshared.code.tex
\c@pgfplotstable@counta=\count376
\t@pgfplotstable@a=\toks61
)
(C:\Users\anfalear\AppData\Local\Programs\MiKTeX\tex/generic/pgfplots/liststruc
ture\pgfplotsdeque.code.tex)
(C:\Users\anfalear\AppData\Local\Programs\MiKTeX\tex/generic/pgfplots/util\pgfp
lotsbinary.code.tex
(C:\Users\anfalear\AppData\Local\Programs\MiKTeX\tex/generic/pgfplots/util\pgfp
lotsbinary.data.code.tex))
(C:\Users\anfalear\AppData\Local\Programs\MiKTeX\tex/generic/pgfplots/util\pgfp
lotsutil.verb.code.tex)
(C:\Users\anfalear\AppData\Local\Programs\MiKTeX\tex/generic/pgfplots/libs\pgfl
ibrarypgfplots.surfshading.code.tex
\c@pgfplotslibrarysurf@no=\count377

(C:\Users\anfalear\AppData\Local\Programs\MiKTeX\tex/generic/pgfplots/sys\pgfli
brarypgfplots.surfshading.pgfsys-dvips.def)))
(C:\Users\anfalear\AppData\Local\Programs\MiKTeX\tex/generic/pgfplots/util\pgfp
lotscolormap.code.tex
(C:\Users\anfalear\AppData\Local\Programs\MiKTeX\tex/generic/pgfplots/util\pgfp
lotscolor.code.tex))
(C:\Users\anfalear\AppData\Local\Programs\MiKTeX\tex/generic/pgfplots\pgfplotss
tackedplots.code.tex)
(C:\Users\anfalear\AppData\Local\Programs\MiKTeX\tex/generic/pgfplots\pgfplotsp
lothandlers.code.tex
(C:\Users\anfalear\AppData\Local\Programs\MiKTeX\tex/generic/pgfplots\pgfplotsm
eshplothandler.code.tex
(C:\Users\anfalear\AppData\Local\Programs\MiKTeX\tex/generic/pgfplots\pgfplotsm
eshplotimage.code.tex)))
(C:\Users\anfalear\AppData\Local\Programs\MiKTeX\tex/generic/pgfplots\pgfplots.
scaling.code.tex)
(C:\Users\anfalear\AppData\Local\Programs\MiKTeX\tex/generic/pgfplots\pgfplotsc
oordprocessing.code.tex)
(C:\Users\anfalear\AppData\Local\Programs\MiKTeX\tex/generic/pgfplots\pgfplots.
errorbars.code.tex)
(C:\Users\anfalear\AppData\Local\Programs\MiKTeX\tex/generic/pgfplots\pgfplots.
markers.code.tex)
(C:\Users\anfalear\AppData\Local\Programs\MiKTeX\tex/generic/pgfplots\pgfplotst
icks.code.tex)
(C:\Users\anfalear\AppData\Local\Programs\MiKTeX\tex/generic/pgfplots\pgfplots.
paths.code.tex)
(C:\Users\anfalear\AppData\Local\Programs\MiKTeX\tex/generic/pgf/frontendlayer/
tikz/libraries\tikzlibrarydecorations.code.tex
(C:\Users\anfalear\AppData\Local\Programs\MiKTeX\tex/generic/pgf/modules\pgfmod
uledecorations.code.tex
\pgfdecoratedcompleteddistance=\dimen300
\pgfdecoratedremainingdistance=\dimen301
\pgfdecoratedinputsegmentcompleteddistance=\dimen302
\pgfdecoratedinputsegmentremainingdistance=\dimen303
\pgf@decorate@distancetomove=\dimen304
\pgf@decorate@repeatstate=\count378
\pgfdecorationsegmentamplitude=\dimen305
\pgfdecorationsegmentlength=\dimen306
)
\tikz@lib@dec@box=\box71
)
(C:\Users\anfalear\AppData\Local\Programs\MiKTeX\tex/generic/pgf/frontendlayer/
tikz/libraries\tikzlibrarydecorations.pathmorphing.code.tex
(C:\Users\anfalear\AppData\Local\Programs\MiKTeX\tex/generic/pgf/libraries/deco
rations\pgflibrarydecorations.pathmorphing.code.tex))
(C:\Users\anfalear\AppData\Local\Programs\MiKTeX\tex/generic/pgf/frontendlayer/
tikz/libraries\tikzlibrarydecorations.pathreplacing.code.tex
(C:\Users\anfalear\AppData\Local\Programs\MiKTeX\tex/generic/pgf/libraries/deco
rations\pgflibrarydecorations.pathreplacing.code.tex))
(C:\Users\anfalear\AppData\Local\Programs\MiKTeX\tex/generic/pgfplots/libs\tikz
librarypgfplots.contourlua.code.tex)
\pgfplots@numplots=\count379
\pgfplots@xmin@reg=\dimen307
\pgfplots@xmax@reg=\dimen308
\pgfplots@ymin@reg=\dimen309
\pgfplots@ymax@reg=\dimen310
\pgfplots@zmin@reg=\dimen311
\pgfplots@zmax@reg=\dimen312
)
(C:\Users\anfalear\AppData\Local\Programs\MiKTeX\tex/generic/pgf/frontendlayer/
tikz/libraries\tikzlibraryplotmarks.code.tex
File: tikzlibraryplotmarks.code.tex 2023-01-15 v3.1.10 (3.1.10)

(C:\Users\anfalear\AppData\Local\Programs\MiKTeX\tex/generic/pgf/libraries\pgfl
ibraryplotmarks.code.tex
File: pgflibraryplotmarks.code.tex 2023-01-15 v3.1.10 (3.1.10)
)))
(C:\Users\anfalear\AppData\Local\Programs\MiKTeX\tex/generic/pgf/frontendlayer/
tikz/libraries\tikzlibrarydecorations.markings.code.tex
(C:\Users\anfalear\AppData\Local\Programs\MiKTeX\tex/generic/pgf/libraries/deco
rations\pgflibrarydecorations.markings.code.tex))
(C:\Users\anfalear\AppData\Local\Programs\MiKTeX\tex/generic/pgf/frontendlayer/
tikz/libraries\tikzlibraryarrows.code.tex
File: tikzlibraryarrows.code.tex 2023-01-15 v3.1.10 (3.1.10)

(C:\Users\anfalear\AppData\Local\Programs\MiKTeX\tex/generic/pgf/libraries\pgfl
ibraryarrows.code.tex
File: pgflibraryarrows.code.tex 2023-01-15 v3.1.10 (3.1.10)
\arrowsize=\dimen313
))
(C:\Users\anfalear\AppData\Local\Programs\MiKTeX\tex/generic/pgf/frontendlayer/
tikz/libraries\tikzlibrarybabel.code.tex
File: tikzlibrarybabel.code.tex 2023-01-15 v3.1.10 (3.1.10)
)
(C:\Users\anfalear\AppData\Local\Programs\MiKTeX\tex/generic/pgf/frontendlayer/
tikz/libraries\tikzlibrarybackgrounds.code.tex
File: tikzlibrarybackgrounds.code.tex 2023-01-15 v3.1.10 (3.1.10)
\pgf@layerbox@background=\box72
\pgf@layerboxsaved@background=\box73
)
(C:\Users\anfalear\AppData\Local\Programs\MiKTeX\tex/generic/pgf/frontendlayer/
tikz/libraries\tikzlibrarycalc.code.tex
File: tikzlibrarycalc.code.tex 2023-01-15 v3.1.10 (3.1.10)
)
(C:\Users\anfalear\AppData\Local\Programs\MiKTeX\tex/generic/pgf/frontendlayer/
tikz/libraries\tikzlibraryintersections.code.tex
(C:\Users\anfalear\AppData\Local\Programs\MiKTeX\tex/generic/pgf/libraries\pgfl
ibraryintersections.code.tex
\pgf@intersect@solutions=\count380
))
(C:\Users\anfalear\AppData\Local\Programs\MiKTeX\tex/generic/pgf/frontendlayer/
tikz/libraries\tikzlibrarypositioning.code.tex
File: tikzlibrarypositioning.code.tex 2023-01-15 v3.1.10 (3.1.10)
)
(C:\Users\anfalear\AppData\Local\Programs\MiKTeX\tex/latex/pstricks\pstricks.st
y
Package: pstricks 2024/02/02 v0.75 LaTeX wrapper for `PSTricks' (RN,HV)

(C:\Users\anfalear\AppData\Local\Programs\MiKTeX\tex/generic/xkeyval\pst-xkey.t
ex
File: pst-xkey.tex 2005/11/25 v1.6 PSTricks specialization of xkeyval (HA)

(C:\Users\anfalear\AppData\Local\Programs\MiKTeX\tex/latex/xkeyval\xkeyval.sty
Package: xkeyval 2022/06/16 v2.9 package option processing (HA)

(C:\Users\anfalear\AppData\Local\Programs\MiKTeX\tex/generic/xkeyval\xkeyval.te
x
(C:\Users\anfalear\AppData\Local\Programs\MiKTeX\tex/generic/xkeyval\xkvutils.t
ex
\XKV@toks=\toks62
\XKV@tempa@toks=\toks63
)
\XKV@depth=\count381
File: xkeyval.tex 2014/12/03 v2.7a key=value parser (HA)
)))
(C:\Users\anfalear\AppData\Local\Programs\MiKTeX\tex/generic/pstricks\pstricks.
tex
(C:\Users\anfalear\AppData\Local\Programs\MiKTeX\tex/generic/pstricks\pst-fp.te
x `pst-fp' v0.06, 2020/11/20 (hv)
\pstFP@xs=\count382
\pstFP@xia=\count383
\pstFP@xib=\count384
\pstFP@xfa=\count385
\pstFP@xfb=\count386
\pstFP@rega=\count387
\pstFP@regb=\count388
\pstFP@regs=\count389
\pstFP@times=\count390
)
\psLoopIndex=\count391

`PSTricks' v3.22  <2025/06/11> (tvz,hv)
\pst@dima=\dimen314
\pst@dimb=\dimen315
\pst@dimc=\dimen316
\pst@dimd=\dimen317
\pst@dimg=\dimen318
\pst@dimh=\dimen319
\pst@dimm=\dimen320
\pst@dimn=\dimen321
\pst@dimo=\dimen322
\pst@dimp=\dimen323
\pst@hbox=\box74
\pst@ibox=\box75
\pst@boxg=\box76
\pst@cnta=\count392
\pst@cntb=\count393
\pst@cntc=\count394
\pst@cntd=\count395
\pst@cntg=\count396
\pst@cnth=\count397
\pst@cntm=\count398
\pst@cntn=\count399
\pst@cnto=\count400
\pst@cntp=\count401
\@zero=\count402
\pst@toks=\toks64
--- We are running latex or xelatex ---

(C:\Users\anfalear\AppData\Local\Programs\MiKTeX\tex/generic/pstricks\pstricks.
con)
(C:\Users\anfalear\AppData\Local\Programs\MiKTeX\tex/generic/pstricks\pstricks-
color.tex)
\psunit=\dimen324
\psxunit=\dimen325
\psyunit=\dimen326
\pst@C@@rType=\count403
\pslinewidth=\dimen327
\psk@startLW=\dimen328
\psk@endLW=\dimen329

(C:\Users\anfalear\AppData\Local\Programs\MiKTeX\tex/generic/pstricks\pstricks-
arrows.tex
\pshooklength=\dimen330
\pshookwidth=\dimen331
)
\pst@customdefs=\toks65

(C:\Users\anfalear\AppData\Local\Programs\MiKTeX\tex/generic/pstricks\pstricks-
dots.tex)
\pslinearc=\dimen332
\pst@symbolStep=\dimen333
\pst@symbolWidth=\dimen334
\pst@symbolLinewidth=\dimen335

(C:\Users\anfalear\AppData\Local\Programs\MiKTeX\tex/generic/pstricks\pst-code-
grid.tex)
(C:\Users\anfalear\AppData\Local\Programs\MiKTeX\tex/generic/pstricks\pst-code-
box.tex
\everypsbox=\toks66
\psframesep=\dimen336
)
(C:\Users\anfalear\AppData\Local\Programs\MiKTeX\tex/generic/pstricks\pst-code-
arc.tex)
(C:\Users\anfalear\AppData\Local\Programs\MiKTeX\tex/generic/pstricks\pst-code-
circle_ellipse.tex)
(C:\Users\anfalear\AppData\Local\Programs\MiKTeX\tex/generic/pstricks\pst-code-
ref_rot.tex)
(C:\Users\anfalear\AppData\Local\Programs\MiKTeX\tex/generic/pstricks\pst-code-
put.tex
\pslabelsep=\dimen337
)
(C:\Users\anfalear\AppData\Local\Programs\MiKTeX\tex/generic/pstricks\pst-code-
pspicture.tex
\sh@wgridXunit=\dimen338
\sh@wgridYunit=\dimen339
\pst@shift=\dimen340
\ps@imagectr=\count404
)
(C:\Users\anfalear\AppData\Local\Programs\MiKTeX\tex/generic/pstricks\pstricks.
con))
File: pstricks.tex 2025/06/11 v3.22 `PSTricks' (tvz,hv)

(C:\Users\anfalear\AppData\Local\Programs\MiKTeX\tex/generic/pstricks\pst-fp.te
x `pst-fp' v0.06, 2020/11/20 (hv))
File: pst-fp.tex 2020/11/20 v0.06 `PST-fp' (hv)
)
(C:\Users\anfalear\AppData\Local\Programs\MiKTeX\tex/latex/pstricks-add\pstrick
s-add.sty
(C:\Users\anfalear\AppData\Local\Programs\MiKTeX\tex/latex/pst-plot\pst-plot.st
y
Package: pst-plot 2011/06/05 v1.00 LaTeX wrapper for `pst-plot' (HV)

(C:\Users\anfalear\AppData\Local\Programs\MiKTeX\tex/latex/xkeyval\pst-xkey.sty
Package: pst-xkey 2005/11/25 v1.6 package wrapper for pst-xkey.tex (HA)
)
(C:\Users\anfalear\AppData\Local\Programs\MiKTeX\tex/latex/multido\multido.sty
Package: multido 2004/05/17 package wrapper for PSTricks `multido.tex', (HV/RN)


(C:\Users\anfalear\AppData\Local\Programs\MiKTeX\tex/generic/multido\multido.te
x  v1.42, 2010/05/14 <tvz>
\multido@count=\count405
\multidocount=\count406
\multido@stuff=\toks67
)
File: multido.tex 2010/05/14 v1.42 `multido' (tvz,hv)
)
Package: pst-plot 2021/09/23 package wrapper for pst-plot.tex (hv)

(C:\Users\anfalear\AppData\Local\Programs\MiKTeX\tex/generic/pst-plot\pst-plot.
tex
(C:\Users\anfalear\AppData\Local\Programs\MiKTeX\tex/generic/pst-tools\pst-tool
s.tex `PST-tools' v0.12, 2021/09/23 (hv)
\randomi=\count407
\ranval=\count408
)
(C:\Users\anfalear\AppData\Local\Programs\MiKTeX\tex/generic/pstricks-add\pstri
cks-add.tex
(C:\Users\anfalear\AppData\Local\Programs\MiKTeX\tex/generic/pst-node\pst-node.
tex  v1.44, 2024/07/04
\psrow=\count409
\pscol=\count410
\psmatrixcnt=\count411
\psrowsep=\skip87
\pscolsep=\skip88
\pst@args=\count412
\num@pts=\count413
\pst@argcnt=\count414
)
(C:\Users\anfalear\AppData\Local\Programs\MiKTeX\tex/generic/pst-arrow\pst-arro
w.tex `pst-arrow' v0.05, 2021/11/16 (dr,hv))
(C:\Users\anfalear\AppData\Local\Programs\MiKTeX\tex/generic/pst-3d\pst-3d.tex
`PST-3d' v1.11, 2010/02/14 (tvz))
(C:\Users\anfalear\AppData\Local\Programs\MiKTeX\tex/generic/pst-math\pst-math.
tex `pst-math' v0.67 , (CJ,hv)) `pstricks-add' v3.94, 2023/04/17 (dr,hv)
\psparallelogramsep=\dimen341
\pst@cntC=\count415
\pst@stepcount=\count416
\chart@ColorIndex=\dimen342
\chart@ColorStep=\dimen343
\pst@chartHeight=\dimen344
\pst@chartStackDepth=\dimen345
\pst@chartStackWidth=\dimen346
\chart@Toggle=\count417
\psVectorCtr=\count418
)
 v1.94, 2022/11/21 (tvz,hv)
\pstRadUnit=\dimen347
\pstRadUnitInv=\dimen348
\pst@linecnt=\count419
\RCD@file=\read4
\psxlabelsep=\dimen349
\psylabelsep=\dimen350
\psk@subticksize=\dimen351
\pst@xticksizeA=\dimen352
\pst@xticksizeB=\dimen353
\pst@xticksizeC=\dimen354
\pst@yticksizeA=\dimen355
\pst@yticksizeB=\dimen356
\pst@yticksizeC=\dimen357
\@digitcounter=\count420
\psk@llx=\dimen358
\psk@lly=\dimen359
\psk@urx=\dimen360
\psk@ury=\dimen361
\pst@xunit=\dimen362
\pst@yunit=\dimen363
)
File: pst-plot.tex 2022/11/21 1.94 `pst-plot' (tvz,hv)
)
(C:\Users\anfalear\AppData\Local\Programs\MiKTeX\tex/latex/pst-node\pst-node.st
y
Package: pst-node 2012/09/18 v1.01 LaTeX wrapper for `pst-node' (HV)
Package: pst-node 2010/04/22 package wrapper for pst-node.tex

(C:\Users\anfalear\AppData\Local\Programs\MiKTeX\tex/generic/pst-node\pst-node.
tex)
File: pst-node.tex 2022/11/21 1.94 `pst-node' (tvz,hv)
)
(C:\Users\anfalear\AppData\Local\Programs\MiKTeX\tex/latex/pst-3d\pst-3d.sty
Package: pst-3d 2009/07/28 package wrapper for pst-3d.tex (hv)

(C:\Users\anfalear\AppData\Local\Programs\MiKTeX\tex/generic/pst-3d\pst-3d.tex)
File: pst-3d.tex 2022/11/21 v1.94 `PST-3d' (hv)
)
(C:\Users\anfalear\AppData\Local\Programs\MiKTeX\tex/latex/pst-math\pst-math.st
y
Package: pst-math 2023/07/03 v 0.67 package wrapper for PSTricks pst-math.tex

(C:\Users\anfalear\AppData\Local\Programs\MiKTeX\tex/latex/pst-calculate\pst-ca
lculate.sty
Package: pst-calculate 2019/01/24 v. 0.02(Herbert Voss) Support for caculations
 with floating point numbers.

(C:\Users\anfalear\AppData\Local\Programs\MiKTeX\tex/latex/l3packages/xparse\xp
arse.sty
(C:\Users\anfalear\AppData\Local\Programs\MiKTeX\tex/latex/l3kernel\expl3.sty
Package: expl3 2025-06-09 L3 programming layer (loader) 

(C:\Users\anfalear\AppData\Local\Programs\MiKTeX\tex/latex/l3backend\l3backend-
dvips.def
File: l3backend-dvips.def 2025-06-09 L3 backend support: dvips
\l__pdfannot_backend_content_box=\box77
\l__pdfannot_backend_model_box=\box78
\g__pdfannot_backend_int=\count421
\g__pdfannot_backend_link_int=\count422
\g__pdfannot_backend_link_sf_int=\count423
))
Package: xparse 2024-08-16 L3 Experimental document command parser
)
(C:\Users\anfalear\AppData\Local\Programs\MiKTeX\tex/latex/siunitx\siunitx.sty
Package: siunitx 2025-07-05 v3.4.13 A comprehensive (SI) units package
\l__siunitx_number_uncert_offset_int=\count424
\l__siunitx_number_exponent_fixed_int=\count425
\l__siunitx_number_min_decimal_int=\count426
\l__siunitx_number_min_integer_int=\count427
\l__siunitx_number_round_precision_int=\count428
\l__siunitx_number_lower_threshold_int=\count429
\l__siunitx_number_upper_threshold_int=\count430
\l__siunitx_number_group_first_int=\count431
\l__siunitx_number_group_size_int=\count432
\l__siunitx_number_group_minimum_int=\count433
\l__siunitx_angle_tmp_dim=\dimen364
\l__siunitx_angle_marker_box=\box79
\l__siunitx_angle_unit_box=\box80
\l__siunitx_compound_count_int=\count434

(C:\Users\anfalear\AppData\Local\Programs\MiKTeX\tex/latex/translations\transla
tions.sty
Package: translations 2022/02/05 v1.12 internationalization of LaTeX2e packages
 (CN)

(C:\Users\anfalear\AppData\Local\Programs\MiKTeX\tex/latex/etoolbox\etoolbox.st
y
Package: etoolbox 2025/02/11 v2.5l e-TeX tools for LaTeX (JAW)
\etb@tempcnta=\count435
)
(C:\Users\anfalear\AppData\Local\Programs\MiKTeX\tex/generic/pdftexcmds\pdftexc
mds.sty
Package: pdftexcmds 2020-06-27 v0.33 Utility functions of pdfTeX for LuaTeX (HO
)

(C:\Users\anfalear\AppData\Local\Programs\MiKTeX\tex/generic/infwarerr\infwarer
r.sty
Package: infwarerr 2019/12/03 v1.5 Providing info/warning/error messages (HO)
)
(C:\Users\anfalear\AppData\Local\Programs\MiKTeX\tex/generic/ltxcmds\ltxcmds.st
y
Package: ltxcmds 2023-12-04 v1.26 LaTeX kernel commands for general use (HO)
)
Package pdftexcmds Info: \pdf@primitive is available.
Package pdftexcmds Info: \pdf@ifprimitive is available.
Package pdftexcmds Info: \pdfdraftmode is ignored in DVI mode.
))
\l__siunitx_table_tmp_box=\box81
\l__siunitx_table_tmp_dim=\dimen365
\l__siunitx_table_column_width_dim=\dimen366
\l__siunitx_table_integer_box=\box82
\l__siunitx_table_decimal_box=\box83
\l__siunitx_table_uncert_box=\box84
\l__siunitx_table_before_box=\box85
\l__siunitx_table_after_box=\box86
\l__siunitx_table_before_dim=\dimen367
\l__siunitx_table_carry_dim=\dimen368
\l__siunitx_unit_tmp_int=\count436
\l__siunitx_unit_position_int=\count437
\l__siunitx_unit_total_int=\count438
))
(C:\Users\anfalear\AppData\Local\Programs\MiKTeX\tex/generic/iftex\ifluatex.sty
Package: ifluatex 2019/10/25 v1.5 ifluatex legacy package. Use iftex instead.
)
(C:\Users\anfalear\AppData\Local\Programs\MiKTeX\tex/latex/xstring\xstring.sty
(C:\Users\anfalear\AppData\Local\Programs\MiKTeX\tex/generic/xstring\xstring.te
x
\xs_counta=\count439
\xs_countb=\count440
)
Package: xstring 2023/08/22 v1.86 String manipulations (CT)
)
(C:\Users\anfalear\AppData\Local\Programs\MiKTeX\tex/generic/pst-math\pst-math.
tex)
File: pst-math.tex 2022/11/21 v1.94 `PST-math' (hv)
\c@Rand@No=\count441
\c@Random@Left=\count442
\c@Random@Right=\count443
\c@Random@No@max=\count444
)
Package: pstricks-add 2021/09/10 v. 0.17 package wrapper for pstricks-add.tex (
hv)

(C:\Users\anfalear\AppData\Local\Programs\MiKTeX\tex/generic/pstricks-add\pstri
cks-add.tex)
File: pstricks-add.tex 2022/11/21 v1.94 `PSTricks-add' (hv)
)
(C:\Users\anfalear\AppData\Local\Programs\MiKTeX\tex/latex/circuitikz\circuitik
z.sty
Package: circuitikz 2025/06/15{} The CircuiTikz circuit drawing package version
 1.8.1

(C:\Users\anfalear\AppData\Local\Programs\MiKTeX\tex/generic/pgf/libraries\pgfl
ibraryarrows.meta.code.tex
File: pgflibraryarrows.meta.code.tex 2023-01-15 v3.1.10 (3.1.10)
\pgfarrowinset=\dimen369
\pgfarrowlength=\dimen370
\pgfarrowwidth=\dimen371
\pgfarrowlinewidth=\dimen372
)
(C:\Users\anfalear\AppData\Local\Programs\MiKTeX\tex/generic/pgf/frontendlayer/
tikz/libraries\tikzlibrarybending.code.tex
File: tikzlibrarybending.code.tex 2023-01-15 v3.1.10 (3.1.10)

(C:\Users\anfalear\AppData\Local\Programs\MiKTeX\tex/generic/pgf/modules\pgfmod
ulebending.code.tex
File: pgfmodulebending.code.tex 2023-01-15 v3.1.10 (3.1.10)

(C:\Users\anfalear\AppData\Local\Programs\MiKTeX\tex/generic/pgf/modules\pgfmod
ulenonlineartransformations.code.tex
File: pgfmodulenonlineartransformations.code.tex 2023-01-15 v3.1.10 (3.1.10)
\pgftransformnonlinearflatness=\dimen373
)
(C:\Users\anfalear\AppData\Local\Programs\MiKTeX\tex/generic/pgf/libraries\pgfl
ibrarycurvilinear.code.tex
File: pgflibrarycurvilinear.code.tex 2023-01-15 v3.1.10 (3.1.10)
\pgf@curvilinear@time@a=\dimen374
\pgf@curvilinear@length@a=\dimen375
\pgf@curvilinear@length@b=\dimen376
\pgf@curvilinear@length@c=\dimen377
\pgf@curvilinear@length@d=\dimen378
)
\pgf@arrows@the@rigidity=\dimen379
))
(C:\Users\anfalear\AppData\Local\Programs\MiKTeX\tex/generic/pgf/frontendlayer/
tikz/libraries\tikzlibraryfpu.code.tex)
(C:\Users\anfalear\AppData\Local\Programs\MiKTeX\tex/generic/circuitikz\pgfcirc
.defines.tex
\pgf@circ@count@a=\count445
\pgf@circ@count@b=\count446
\pgf@circ@count@c=\count447
\pgf@circ@res@up=\dimen380
\pgf@circ@res@down=\dimen381
\pgf@circ@res@zero=\dimen382
\pgf@circ@res@left=\dimen383
\pgf@circ@res@right=\dimen384
\pgf@circ@res@other=\dimen385
\pgf@circ@res@step=\dimen386
\pgf@circ@res@temp=\dimen387
\pgf@circ@Rlen=\dimen388
\pgf@circ@scaled@Rlen=\dimen389
\pgfstartlinewidth=\dimen390
)
(C:\Users\anfalear\AppData\Local\Programs\MiKTeX\tex/generic/circuitikz\pgfcirc
utils.tex
\ctikz@scratchbox=\box87
)
(C:\Users\anfalear\AppData\Local\Programs\MiKTeX\tex/generic/circuitikz\pgfcirc
path.tex)
(C:\Users\anfalear\AppData\Local\Programs\MiKTeX\tex/generic/circuitikz\pgfcirc
shapes.tex)
(C:\Users\anfalear\AppData\Local\Programs\MiKTeX\tex/generic/circuitikz\pgfcirc
monopoles.tex)
(C:\Users\anfalear\AppData\Local\Programs\MiKTeX\tex/generic/circuitikz\pgfcirc
bipoles.tex)
(C:\Users\anfalear\AppData\Local\Programs\MiKTeX\tex/generic/circuitikz\pgfcirc
tripoles.tex
\pgf@circ@res@count=\count448
)
(C:\Users\anfalear\AppData\Local\Programs\MiKTeX\tex/generic/circuitikz\pgfcirc
quadpoles.tex)
(C:\Users\anfalear\AppData\Local\Programs\MiKTeX\tex/generic/circuitikz\pgfcirc
multipoles.tex)
(C:\Users\anfalear\AppData\Local\Programs\MiKTeX\tex/generic/circuitikz\pgfcirc
label.tex)
(C:\Users\anfalear\AppData\Local\Programs\MiKTeX\tex/generic/circuitikz\pgfcirc
voltage.tex
\pgfcirc@labelshift=\dimen391
)
(C:\Users\anfalear\AppData\Local\Programs\MiKTeX\tex/generic/circuitikz\pgfcirc
current.tex)
(C:\Users\anfalear\AppData\Local\Programs\MiKTeX\tex/generic/circuitikz\pgfcirc
flow.tex))
(C:\Users\anfalear\AppData\Local\Programs\MiKTeX\tex/latex/tcolorbox\tcolorbox.
sty
Package: tcolorbox 2025/06/04 version 6.6.0 text color boxes

(C:\Users\anfalear\AppData\Local\Programs\MiKTeX\tex/latex/tools\verbatim.sty
Package: verbatim 2024-01-22 v1.5x LaTeX2e package for verbatim enhancements
\every@verbatim=\toks68
\verbatim@line=\toks69
\verbatim@in@stream=\read5
)
(C:\Users\anfalear\AppData\Local\Programs\MiKTeX\tex/latex/environ\environ.sty
Package: environ 2014/05/04 v0.3 A new way to define environments

(C:\Users\anfalear\AppData\Local\Programs\MiKTeX\tex/latex/trimspaces\trimspace
s.sty
Package: trimspaces 2009/09/17 v1.1 Trim spaces around a token list
))
\tcb@titlebox=\box88
\tcb@upperbox=\box89
\tcb@lowerbox=\box90
\tcb@phantombox=\box91
\c@tcbbreakpart=\count449
\c@tcblayer=\count450
\c@tcolorbox@number=\count451
\l__tcobox_tmpa_box=\box92
\l__tcobox_tmpa_dim=\dimen392
\tcb@temp=\box93
\tcb@temp=\box94
\tcb@temp=\box95
\tcb@temp=\box96

(C:\Users\anfalear\AppData\Local\Programs\MiKTeX\tex/latex/tcolorbox\tcbraster.
code.tex
Library (tcolorbox): 'tcbraster.code.tex' version '6.6.0'
\c@tcbrastercolumn=\count452
\c@tcbrasterrow=\count453
\c@tcbrasternum=\count454
\c@tcbraster=\count455
)
(C:\Users\anfalear\AppData\Local\Programs\MiKTeX\tex/latex/tcolorbox\tcbskins.c
ode.tex
Library (tcolorbox): 'tcbskins.code.tex' version '6.6.0'

(C:\Users\anfalear\AppData\Local\Programs\MiKTeX\tex/latex/tikzfill\tikzfill.im
age.sty
Package: tikzfill.image 2023/08/08 v1.0.1 Image filling library for TikZ

(C:\Users\anfalear\AppData\Local\Programs\MiKTeX\tex/latex/tikzfill\tikzfill-co
mmon.sty
Package: tikzfill-common 2023/08/08 v1.0.1 Auxiliary code for tikzfill
)
(C:\Users\anfalear\AppData\Local\Programs\MiKTeX\tex/latex/tikzfill\tikzlibrary
fill.image.code.tex
File: tikzlibraryfill.image.code.tex 2023/08/08 v1.0.1 Image filling library
\l__tikzfill_img_box=\box97
))
(C:\Users\anfalear\AppData\Local\Programs\MiKTeX\tex/latex/tcolorbox\tcbskinsji
gsaw.code.tex
Library (tcolorbox): 'tcbskinsjigsaw.code.tex' version '6.6.0'
))
(C:\Users\anfalear\AppData\Local\Programs\MiKTeX\tex/latex/tcolorbox\tcbbreakab
le.code.tex
Library (tcolorbox): 'tcbbreakable.code.tex' version '6.6.0'
(C:\Users\anfalear\AppData\Local\Programs\MiKTeX\tex/latex/pdfcol\pdfcol.sty
Package: pdfcol 2022-09-21 v1.7 Handle new color stacks for pdfTeX (HO)
Package pdfcol Info: Interface disabled because of missing PDF mode of pdfTeX.
)
Package pdfcol Info: pdfTeX's color stacks are not available.
\tcb@testbox=\box98
\tcb@totalupperbox=\box99
\tcb@totallowerbox=\box100
)
(C:\Users\anfalear\AppData\Local\Programs\MiKTeX\tex/latex/tcolorbox\tcbhooks.c
ode.tex
Library (tcolorbox): 'tcbhooks.code.tex' version '6.6.0'
)
(C:\Users\anfalear\AppData\Local\Programs\MiKTeX\tex/latex/tcolorbox\tcbtheorem
s.code.tex
Library (tcolorbox): 'tcbtheorems.code.tex' version '6.6.0'
)
(C:\Users\anfalear\AppData\Local\Programs\MiKTeX\tex/latex/tcolorbox\tcbfitting
.code.tex
Library (tcolorbox): 'tcbfitting.code.tex' version '6.6.0'
\tcbfitdim=\dimen393
\tcb@lowerfitdim=\dimen394
\tcb@upperfitdim=\dimen395
\tcb@cur@hbadness=\count456
)
(C:\Users\anfalear\AppData\Local\Programs\MiKTeX\tex/latex/tcolorbox\tcblisting
sutf8.code.tex
Library (tcolorbox): 'tcblistingsutf8.code.tex' version '6.6.0'

(C:\Users\anfalear\AppData\Local\Programs\MiKTeX\tex/latex/tcolorbox\tcblisting
s.code.tex
Library (tcolorbox): 'tcblistings.code.tex' version '6.6.0'

(C:\Users\anfalear\AppData\Local\Programs\MiKTeX\tex/latex/listings\listings.st
y
\lst@mode=\count457
\lst@gtempboxa=\box101
\lst@token=\toks70
\lst@length=\count458
\lst@currlwidth=\dimen396
\lst@column=\count459
\lst@pos=\count460
\lst@lostspace=\dimen397
\lst@width=\dimen398
\lst@newlines=\count461
\lst@lineno=\count462
\lst@maxwidth=\dimen399

(C:\Users\anfalear\AppData\Local\Programs\MiKTeX\tex/latex/listings\lstpatch.st
y
File: lstpatch.sty 2024/09/23 1.10c (Carsten Heinz)
)
(C:\Users\anfalear\AppData\Local\Programs\MiKTeX\tex/latex/listings\lstmisc.sty
File: lstmisc.sty 2024/09/23 1.10c (Carsten Heinz)
\c@lstnumber=\count463
\lst@skipnumbers=\count464
\lst@framebox=\box102
)
(C:\Users\anfalear\AppData\Local\Programs\MiKTeX\tex/latex/listings\listings.cf
g
File: listings.cfg 2024/09/23 1.10c listings configuration
))
Package: listings 2024/09/23 1.10c (Carsten Heinz)

(C:\Users\anfalear\AppData\Local\Programs\MiKTeX\tex/latex/tcolorbox\tcblisting
score.code.tex
Library (tcolorbox): 'tcblistingscore.code.tex' version '6.6.0'

(C:\Users\anfalear\AppData\Local\Programs\MiKTeX\tex/latex/tcolorbox\tcbprocess
ing.code.tex
Library (tcolorbox): 'tcbprocessing.code.tex' version '6.6.0'
)
\c@tcblisting=\count465
))
(C:\Users\anfalear\AppData\Local\Programs\MiKTeX\tex/latex/listingsutf8\listing
sutf8.sty
Package: listingsutf8 2019-12-10 v1.5 Allow UTF-8 in listings input (HO)

(C:\Users\anfalear\AppData\Local\Programs\MiKTeX\tex/generic/stringenc\stringen
c.sty
Package: stringenc 2019/11/29 v1.12 Convert strings between diff. encodings (HO
)

(C:\Users\anfalear\AppData\Local\Programs\MiKTeX\tex/generic/pdfescape\pdfescap
e.sty
Package: pdfescape 2019/12/09 v1.15 Implements pdfTeX's escape features (HO)
))))
(C:\Users\anfalear\AppData\Local\Programs\MiKTeX\tex/latex/tcolorbox\tcbexterna
l.code.tex
Library (tcolorbox): 'tcbexternal.code.tex' version '6.6.0'
)
(C:\Users\anfalear\AppData\Local\Programs\MiKTeX\tex/latex/tcolorbox\tcbmagazin
e.code.tex
Library (tcolorbox): 'tcbmagazine.code.tex' version '6.6.0'
)
(C:\Users\anfalear\AppData\Local\Programs\MiKTeX\tex/latex/tcolorbox\tcbvignett
e.code.tex
Library (tcolorbox): 'tcbvignette.code.tex' version '6.6.0'

(C:\Users\anfalear\AppData\Local\Programs\MiKTeX\tex/generic/pgf/frontendlayer/
tikz/libraries\tikzlibraryfadings.code.tex
File: tikzlibraryfadings.code.tex 2023-01-15 v3.1.10 (3.1.10)

(C:\Users\anfalear\AppData\Local\Programs\MiKTeX\tex/generic/pgf/libraries\pgfl
ibraryfadings.code.tex
File: pgflibraryfadings.code.tex 2023-01-15 v3.1.10 (3.1.10)
)))
(C:\Users\anfalear\AppData\Local\Programs\MiKTeX\tex/latex/tcolorbox\tcbposter.
code.tex
Library (tcolorbox): 'tcbposter.code.tex' version '6.6.0'
))
(C:\Users\anfalear\AppData\Local\Programs\MiKTeX\tex/latex/setspace\setspace.st
y
Package: setspace 2022/12/04 v6.7b set line spacing
)
(C:\Users\anfalear\AppData\Local\Programs\MiKTeX\tex/latex/parskip\parskip.sty
Package: parskip 2021-03-14 v2.0h non-zero parskip adjustments

(C:\Users\anfalear\AppData\Local\Programs\MiKTeX\tex/latex/kvoptions\kvoptions.
sty
Package: kvoptions 2022-06-15 v3.15 Key value format for package options (HO)

(C:\Users\anfalear\AppData\Local\Programs\MiKTeX\tex/latex/kvsetkeys\kvsetkeys.
sty
Package: kvsetkeys 2022-10-05 v1.19 Key value parser (HO)
)))
(C:\Users\anfalear\AppData\Local\Programs\MiKTeX\tex/latex/tools\enumerate.sty
Package: enumerate 2023/07/04 v3.00 enumerate extensions (DPC)
\@enLab=\toks71
)
(C:\Users\anfalear\AppData\Local\Programs\MiKTeX\tex/latex/graphics\rotating.st
y
Package: rotating 2025/01/14 v2.16e rotated objects in LaTeX
\c@r@tfl@t=\count466
\rotFPtop=\skip89
\rotFPbot=\skip90
\rot@float@box=\box103
\rot@mess@toks=\toks72
) (C:\Users\anfalear\AppData\Local\Programs\MiKTeX\tex/latex/url\url.sty
\Urlmuskip=\muskip18
Package: url 2013/09/16  ver 3.4  Verb mode for urls, etc.
)
(C:\Users\anfalear\AppData\Local\Programs\MiKTeX\tex/latex/changepage\changepag
e.sty
Package: changepage 2009/10/20 v1.0c check page and change page layout
\c@cp@cntr=\count467
\cp@tempcnt=\count468
)
(C:\Users\anfalear\AppData\Local\Programs\MiKTeX\tex/latex/fancybox\fancybox.st
y
Package: fancybox 2010/05/15 1.4

Style option: `fancybox' v1.4 <2010/05/15> (tvz)
\@fancybox=\box104
\shadowsize=\dimen400
\@Sbox=\box105
\do@VerbBox=\toks73
\the@fancyput=\toks74
\this@fancyput=\toks75
\EndVerbatimTokens=\toks76
\Verbatim@Outfile=\write4
\Verbatim@Infile=\read6
)
(C:\Users\anfalear\AppData\Local\Programs\MiKTeX\tex/latex/varwidth\varwidth.st
y
Package: varwidth 2009/03/30 ver 0.92;  Variable-width minipages
\@vwid@box=\box106
\sift@deathcycles=\count469
\@vwid@loff=\dimen401
\@vwid@roff=\dimen402
)
==> First Aid for varwidth.sty applied!
\c@theorem=\count470
LaTeX Font Info:    Trying to load font information for T1+lmr on input line 12
1.
(C:\Users\anfalear\AppData\Local\Programs\MiKTeX\tex/latex/lm\t1lmr.fd
File: t1lmr.fd 2015/05/01 v1.6.1 Font defs for Latin Modern
)
No file ListaEstadisticaInferencial.aux.
\openout1 = `ListaEstadisticaInferencial.aux'.

LaTeX Font Info:    Checking defaults for OML/cmm/m/it on input line 121.
LaTeX Font Info:    ... okay on input line 121.
LaTeX Font Info:    Checking defaults for OMS/cmsy/m/n on input line 121.
LaTeX Font Info:    ... okay on input line 121.
LaTeX Font Info:    Checking defaults for OT1/cmr/m/n on input line 121.
LaTeX Font Info:    ... okay on input line 121.
LaTeX Font Info:    Checking defaults for T1/cmr/m/n on input line 121.
LaTeX Font Info:    ... okay on input line 121.
LaTeX Font Info:    Checking defaults for TS1/cmr/m/n on input line 121.
LaTeX Font Info:    ... okay on input line 121.
LaTeX Font Info:    Checking defaults for OMX/cmex/m/n on input line 121.
LaTeX Font Info:    ... okay on input line 121.
LaTeX Font Info:    Checking defaults for U/cmr/m/n on input line 121.
LaTeX Font Info:    ... okay on input line 121.
*geometry* driver: auto-detecting
*geometry* detected driver: dvips
*geometry* verbose mode - [ preamble ] result:
* driver: dvips
* paper: custom
* layout: <same size as paper>
* layoutoffset:(h,v)=(0.0pt,0.0pt)
* modes: 
* h-part:(L,W,R)=(56.9055pt, 500.484pt, 56.9055pt)
* v-part:(T,H,B)=(42.67912pt, 839.92537pt, 56.9055pt)
* \paperwidth=614.295pt
* \paperheight=939.51pt
* \textwidth=500.484pt
* \textheight=839.92537pt
* \oddsidemargin=-15.36449pt
* \evensidemargin=-15.36449pt
* \topmargin=-59.59087pt
* \headheight=15.0pt
* \headsep=15.0pt
* \topskip=12.0pt
* \footskip=29.0pt
* \marginparwidth=36.135pt
* \marginparsep=5.0pt
* \columnsep=42.67912pt
* \skip\footins=10.8pt plus 4.0pt minus 2.0pt
* \hoffset=0.0pt
* \voffset=0.0pt
* \mag=1000
* \@twocolumnfalse
* \@twosidefalse
* \@mparswitchfalse
* \@reversemarginfalse
* (1in=72.27pt=25.4mm, 1cm=28.453pt)

LaTeX Info: Redefining \. on input line 121.
LaTeX Info: Redefining \% on input line 121.
Package babel Info: 'spanish' activates 'spanish' shorthands.
(babel)             Reported  on input line 121.
Package pgfplots notification 'compat/show suggested version=true': you might b
enefit from \pgfplotsset{compat=1.18} (current compat level: 1.15).


(C:\Users\anfalear\AppData\Local\Programs\MiKTeX\tex/latex/translations/dicts\t
ranslations-basic-dictionary-spanish.trsl
File: translations-basic-dictionary-spanish.trsl (spanish translation file `tra
nslations-basic-dictionary')
)
Package translations Info: loading dictionary `translations-basic-dictionary' f
or `spanish'. on input line 121.
\c@lstlisting=\count471
LaTeX Font Info:    Trying to load font information for T1+lmss on input line 1
22.

(C:\Users\anfalear\AppData\Local\Programs\MiKTeX\tex/latex/lm\t1lmss.fd
File: t1lmss.fd 2015/05/01 v1.6.1 Font defs for Latin Modern
)
LaTeX Font Info:    Trying to load font information for OT1+lmr on input line 1
30.

(C:\Users\anfalear\AppData\Local\Programs\MiKTeX\tex/latex/lm\ot1lmr.fd
File: ot1lmr.fd 2015/05/01 v1.6.1 Font defs for Latin Modern
)
LaTeX Font Info:    Trying to load font information for OML+lmm on input line 1
30.

(C:\Users\anfalear\AppData\Local\Programs\MiKTeX\tex/latex/lm\omllmm.fd
File: omllmm.fd 2015/05/01 v1.6.1 Font defs for Latin Modern
)
LaTeX Font Info:    Trying to load font information for OMS+lmsy on input line 
130.

(C:\Users\anfalear\AppData\Local\Programs\MiKTeX\tex/latex/lm\omslmsy.fd
File: omslmsy.fd 2015/05/01 v1.6.1 Font defs for Latin Modern
)
LaTeX Font Info:    Trying to load font information for OMX+lmex on input line 
130.

(C:\Users\anfalear\AppData\Local\Programs\MiKTeX\tex/latex/lm\omxlmex.fd
File: omxlmex.fd 2015/05/01 v1.6.1 Font defs for Latin Modern
)
LaTeX Font Info:    External font `lmex10' loaded for size
(Font)              <12> on input line 130.
LaTeX Font Info:    External font `lmex10' loaded for size
(Font)              <8> on input line 130.
LaTeX Font Info:    External font `lmex10' loaded for size
(Font)              <6> on input line 130.
LaTeX Font Info:    Trying to load font information for U+msa on input line 130
.

(C:\Users\anfalear\AppData\Local\Programs\MiKTeX\tex/latex/amsfonts\umsa.fd
File: umsa.fd 2013/01/14 v3.01 AMS symbols A
)
LaTeX Font Info:    Trying to load font information for U+msb on input line 130
.

(C:\Users\anfalear\AppData\Local\Programs\MiKTeX\tex/latex/amsfonts\umsb.fd
File: umsb.fd 2013/01/14 v3.01 AMS symbols B
)
LaTeX Font Info:    Trying to load font information for U+rsfs on input line 13
0.

(C:\Users\anfalear\AppData\Local\Programs\MiKTeX\tex/latex/jknappen\ursfs.fd
File: ursfs.fd 1998/03/24 rsfs font definition file (jk)
)
LaTeX Font Info:    Font shape `T1/lmss/m/it' in size <12> not available
(Font)              Font shape `T1/lmss/m/sl' tried instead on input line 142.
LaTeX Font Info:    Trying to load font information for TS1+lmss on input line 
170.

(C:\Users\anfalear\AppData\Local\Programs\MiKTeX\tex/latex/lm\ts1lmss.fd
File: ts1lmss.fd 2015/05/01 v1.6.1 Font defs for Latin Modern
)

[1

]

[2]

[3]

[4]

[5]

[6]

[7]

[8]

[9]

[10]
This exam contains 67 questions with 8 parts, 0 subparts, and 0 subsubparts.
This exam has a total of 0 points.
This exam has a total of 0 bonus points.

Class exam Warning: Point totals have changed. Rerun to get point totals right.


(ListaEstadisticaInferencial.aux
LaTeX Info: Redefining \. on input line 24.
LaTeX Info: Redefining \% on input line 24.
)
 ***********
LaTeX2e <2025-06-01> patch level 1
L3 programming layer <2025-06-09>
 ***********


LaTeX Warning: Label(s) may have changed. Rerun to get cross-references right.

 ) 
Here is how much of TeX's memory you used:
 62195 strings out of 468222
 1633556 string characters out of 5431465
 2491412 words of memory out of 5000000
 89874 multiletter control sequences out of 15000+600000
 660926 words of font info for 69 fonts, out of 8000000 for 9000
 1141 hyphenation exceptions out of 8191
 118i,10n,122p,848b,1324s stack positions out of 10000i,1000n,20000p,200000b,200000s

Output written on ListaEstadisticaInferencial.dvi (10 pages, 86856 bytes).
