\BOOKMARK [0][-]{chapter.1}{\376\377\000C\000o\000n\000t\000e\000n\000i\000d\000o\000\040\000d\000e\000l\000\040\000c\000u\000r\000s\000o}{}% 1
\BOOKMARK [0][-]{chapter.2}{\376\377\000E\000s\000t\000a\000d\000\355\000s\000t\000i\000c\000a\000\040\000D\000e\000s\000c\000r\000i\000p\000t\000i\000v\000a}{}% 2
\BOOKMARK [1][-]{section.2.1}{\376\377\000I\000n\000t\000r\000o\000d\000u\000c\000c\000i\000\363\000n}{chapter.2}% 3
\BOOKMARK [1][-]{section.2.2}{\376\377\000C\000o\000n\000c\000e\000p\000t\000o\000s\000\040\000F\000u\000n\000d\000a\000m\000e\000n\000t\000a\000l\000e\000s}{chapter.2}% 4
\BOOKMARK [1][-]{section.2.3}{\376\377\000O\000r\000g\000a\000n\000i\000z\000a\000c\000i\000\363\000n\000\040\000y\000\040\000P\000r\000e\000s\000e\000n\000t\000a\000c\000i\000\363\000n\000\040\000d\000e\000\040\000D\000a\000t\000o\000s}{chapter.2}% 5
\BOOKMARK [1][-]{section.2.4}{\376\377\000M\000e\000d\000i\000d\000a\000s\000\040\000d\000e\000\040\000T\000e\000n\000d\000e\000n\000c\000i\000a\000\040\000C\000e\000n\000t\000r\000a\000l}{chapter.2}% 6
\BOOKMARK [1][-]{section.2.5}{\376\377\000M\000e\000d\000i\000d\000a\000s\000\040\000d\000e\000\040\000D\000i\000s\000p\000e\000r\000s\000i\000\363\000n}{chapter.2}% 7
\BOOKMARK [1][-]{section.2.6}{\376\377\000M\000e\000d\000i\000d\000a\000s\000\040\000d\000e\000\040\000P\000o\000s\000i\000c\000i\000\363\000n\000\040\000y\000\040\000F\000o\000r\000m\000a}{chapter.2}% 8
\BOOKMARK [1][-]{section.2.7}{\376\377\000R\000e\000p\000r\000e\000s\000e\000n\000t\000a\000c\000i\000\363\000n\000\040\000G\000r\000\341\000f\000i\000c\000a}{chapter.2}% 9
\BOOKMARK [1][-]{section.2.8}{\376\377\000T\000e\000o\000r\000e\000m\000a\000s\000\040\000F\000u\000n\000d\000a\000m\000e\000n\000t\000a\000l\000e\000s}{chapter.2}% 10
\BOOKMARK [1][-]{section.2.9}{\376\377\000A\000p\000l\000i\000c\000a\000c\000i\000o\000n\000e\000s\000\040\000P\000r\000\341\000c\000t\000i\000c\000a\000s}{chapter.2}% 11
\BOOKMARK [2][-]{subsection.2.9.1}{\376\377\000I\000n\000g\000e\000n\000i\000e\000r\000\355\000a\000\040\000y\000\040\000C\000o\000n\000t\000r\000o\000l\000\040\000d\000e\000\040\000C\000a\000l\000i\000d\000a\000d}{section.2.9}% 12
\BOOKMARK [2][-]{subsection.2.9.2}{\376\377\000M\000e\000d\000i\000c\000i\000n\000a\000\040\000y\000\040\000E\000p\000i\000d\000e\000m\000i\000o\000l\000o\000g\000\355\000a}{section.2.9}% 13
\BOOKMARK [2][-]{subsection.2.9.3}{\376\377\000M\000a\000r\000k\000e\000t\000i\000n\000g\000\040\000y\000\040\000A\000n\000\341\000l\000i\000s\000i\000s\000\040\000d\000e\000\040\000M\000e\000r\000c\000a\000d\000o}{section.2.9}% 14
\BOOKMARK [1][-]{section.2.10}{\376\377\000E\000j\000e\000m\000p\000l\000o\000\040\000I\000n\000t\000e\000g\000r\000a\000d\000o\000r}{chapter.2}% 15
\BOOKMARK [1][-]{section.2.11}{\376\377\000H\000e\000r\000r\000a\000m\000i\000e\000n\000t\000a\000s\000\040\000C\000o\000m\000p\000u\000t\000a\000c\000i\000o\000n\000a\000l\000e\000s}{chapter.2}% 16
\BOOKMARK [1][-]{section.2.12}{\376\377\000C\000o\000n\000c\000l\000u\000s\000i\000o\000n\000e\000s}{chapter.2}% 17
\BOOKMARK [0][-]{chapter.3}{\376\377\000D\000i\000s\000t\000r\000i\000b\000u\000c\000i\000\363\000n\000\040\000N\000o\000r\000m\000a\000l\000\040\000y\000\040\000D\000i\000s\000t\000r\000i\000b\000u\000c\000i\000o\000n\000e\000s\000\040\000M\000u\000e\000s\000t\000r\000a\000l\000e\000s}{}% 18
\BOOKMARK [1][-]{section.3.1}{\376\377\000F\000u\000n\000d\000a\000m\000e\000n\000t\000o\000s\000\040\000T\000e\000\363\000r\000i\000c\000o\000s}{chapter.3}% 19
\BOOKMARK [1][-]{section.3.2}{\376\377\000E\000l\000\040\000T\000e\000o\000r\000e\000m\000a\000\040\000C\000e\000n\000t\000r\000a\000l\000\040\000d\000e\000l\000\040\000L\000\355\000m\000i\000t\000e}{chapter.3}% 20
\BOOKMARK [1][-]{section.3.3}{\376\377\000D\000i\000s\000t\000r\000i\000b\000u\000c\000i\000o\000n\000e\000s\000\040\000M\000u\000e\000s\000t\000r\000a\000l\000e\000s}{chapter.3}% 21
\BOOKMARK [2][-]{subsection.3.3.1}{\376\377\000D\000i\000s\000t\000r\000i\000b\000u\000c\000i\000\363\000n\000\040\000M\000u\000e\000s\000t\000r\000a\000l\000\040\000d\000e\000\040\000l\000a\000\040\000M\000e\000d\000i\000a}{section.3.3}% 22
\BOOKMARK [2][-]{subsection.3.3.2}{\376\377\000D\000i\000s\000t\000r\000i\000b\000u\000c\000i\000\363\000n\000\040\000M\000u\000e\000s\000t\000r\000a\000l\000\040\000d\000e\000\040\000l\000a\000\040\000P\000r\000o\000p\000o\000r\000c\000i\000\363\000n}{section.3.3}% 23
\BOOKMARK [2][-]{subsection.3.3.3}{\376\377\000O\000t\000r\000a\000s\000\040\000D\000i\000s\000t\000r\000i\000b\000u\000c\000i\000o\000n\000e\000s\000\040\000M\000u\000e\000s\000t\000r\000a\000l\000e\000s\000\040\000I\000m\000p\000o\000r\000t\000a\000n\000t\000e\000s}{section.3.3}% 24
\BOOKMARK [1][-]{section.3.4}{\376\377\000A\000p\000l\000i\000c\000a\000c\000i\000o\000n\000e\000s\000\040\000P\000r\000\341\000c\000t\000i\000c\000a\000s}{chapter.3}% 25
\BOOKMARK [2][-]{subsection.3.4.1}{\376\377\000I\000n\000g\000e\000n\000i\000e\000r\000\355\000a\000\040\000y\000\040\000C\000o\000n\000t\000r\000o\000l\000\040\000d\000e\000\040\000C\000a\000l\000i\000d\000a\000d}{section.3.4}% 26
\BOOKMARK [2][-]{subsection.3.4.2}{\376\377\000M\000e\000d\000i\000c\000i\000n\000a\000\040\000y\000\040\000I\000n\000v\000e\000s\000t\000i\000g\000a\000c\000i\000\363\000n\000\040\000C\000l\000\355\000n\000i\000c\000a}{section.3.4}% 27
\BOOKMARK [2][-]{subsection.3.4.3}{\376\377\000M\000a\000r\000k\000e\000t\000i\000n\000g\000\040\000y\000\040\000E\000s\000t\000u\000d\000i\000o\000s\000\040\000d\000e\000\040\000M\000e\000r\000c\000a\000d\000o}{section.3.4}% 28
\BOOKMARK [1][-]{section.3.5}{\376\377\000E\000s\000t\000a\000n\000d\000a\000r\000i\000z\000a\000c\000i\000\363\000n\000\040\000y\000\040\000C\000\341\000l\000c\000u\000l\000o\000\040\000d\000e\000\040\000P\000r\000o\000b\000a\000b\000i\000l\000i\000d\000a\000d\000e\000s}{chapter.3}% 29
\BOOKMARK [1][-]{section.3.6}{\376\377\000S\000i\000m\000u\000l\000a\000c\000i\000\363\000n\000\040\000y\000\040\000V\000e\000r\000i\000f\000i\000c\000a\000c\000i\000\363\000n\000\040\000C\000o\000m\000p\000u\000t\000a\000c\000i\000o\000n\000a\000l}{chapter.3}% 30
\BOOKMARK [1][-]{section.3.7}{\376\377\000E\000j\000e\000r\000c\000i\000c\000i\000o\000s\000\040\000y\000\040\000P\000r\000o\000b\000l\000e\000m\000a\000s}{chapter.3}% 31
\BOOKMARK [1][-]{section.3.8}{\376\377\000C\000o\000n\000c\000l\000u\000s\000i\000o\000n\000e\000s}{chapter.3}% 32
\BOOKMARK [0][-]{chapter.4}{\376\377\000E\000s\000t\000i\000m\000a\000c\000i\000\363\000n}{}% 33
\BOOKMARK [1][-]{section.4.1}{\376\377\000E\000s\000t\000i\000m\000a\000c\000i\000\363\000n\000\040\000p\000a\000r\000a\000\040\000l\000a\000\040\000M\000e\000d\000i\000a\000\040\000P\000o\000b\000l\000a\000c\000i\000o\000n\000a\000l}{chapter.4}% 34
\BOOKMARK [2][-]{subsection.4.1.1}{\376\377\000E\000s\000t\000i\000m\000a\000c\000i\000\363\000n\000\040\000P\000u\000n\000t\000u\000a\000l\000\040\000d\000e\000\040\000l\000a\000\040\000M\000e\000d\000i\000a}{section.4.1}% 35
\BOOKMARK [2][-]{subsection.4.1.2}{\376\377\000E\000s\000t\000i\000m\000a\000c\000i\000\363\000n\000\040\000p\000o\000r\000\040\000I\000n\000t\000e\000r\000v\000a\000l\000o\000s\000\040\000p\000a\000r\000a\000\040\000l\000a\000\040\000M\000e\000d\000i\000a}{section.4.1}% 36
\BOOKMARK [2][-]{subsection.4.1.3}{\376\377\000S\000u\000p\000u\000e\000s\000t\000o\000s\000\040\000y\000\040\000C\000o\000n\000d\000i\000c\000i\000o\000n\000e\000s\000\040\000d\000e\000\040\000A\000p\000l\000i\000c\000a\000b\000i\000l\000i\000d\000a\000d}{section.4.1}% 37
\BOOKMARK [1][-]{section.4.2}{\376\377\000E\000s\000t\000i\000m\000a\000c\000i\000\363\000n\000\040\000p\000a\000r\000a\000\040\000l\000a\000\040\000P\000r\000o\000p\000o\000r\000c\000i\000\363\000n\000\040\000P\000o\000b\000l\000a\000c\000i\000o\000n\000a\000l}{chapter.4}% 38
\BOOKMARK [2][-]{subsection.4.2.1}{\376\377\000E\000s\000t\000i\000m\000a\000c\000i\000\363\000n\000\040\000P\000u\000n\000t\000u\000a\000l\000\040\000d\000e\000\040\000l\000a\000\040\000P\000r\000o\000p\000o\000r\000c\000i\000\363\000n}{section.4.2}% 39
\BOOKMARK [2][-]{subsection.4.2.2}{\376\377\000E\000s\000t\000i\000m\000a\000c\000i\000\363\000n\000\040\000p\000o\000r\000\040\000I\000n\000t\000e\000r\000v\000a\000l\000o\000s\000\040\000p\000a\000r\000a\000\040\000l\000a\000\040\000P\000r\000o\000p\000o\000r\000c\000i\000\363\000n}{section.4.2}% 40
\BOOKMARK [1][-]{section.4.3}{\376\377\000E\000s\000t\000i\000m\000a\000c\000i\000\363\000n\000\040\000p\000a\000r\000a\000\040\000l\000a\000\040\000V\000a\000r\000i\000a\000n\000z\000a\000\040\000P\000o\000b\000l\000a\000c\000i\000o\000n\000a\000l}{chapter.4}% 41
\BOOKMARK [2][-]{subsection.4.3.1}{\376\377\000E\000s\000t\000i\000m\000a\000c\000i\000\363\000n\000\040\000P\000u\000n\000t\000u\000a\000l\000\040\000d\000e\000\040\000l\000a\000\040\000V\000a\000r\000i\000a\000n\000z\000a}{section.4.3}% 42
\BOOKMARK [2][-]{subsection.4.3.2}{\376\377\000E\000s\000t\000i\000m\000a\000c\000i\000\363\000n\000\040\000p\000o\000r\000\040\000I\000n\000t\000e\000r\000v\000a\000l\000o\000s\000\040\000p\000a\000r\000a\000\040\000l\000a\000\040\000V\000a\000r\000i\000a\000n\000z\000a}{section.4.3}% 43
\BOOKMARK [1][-]{section.4.4}{\376\377\000I\000n\000t\000e\000r\000p\000r\000e\000t\000a\000c\000i\000\363\000n\000\040\000y\000\040\000A\000p\000l\000i\000c\000a\000c\000i\000o\000n\000e\000s\000\040\000d\000e\000\040\000l\000o\000s\000\040\000I\000n\000t\000e\000r\000v\000a\000l\000o\000s\000\040\000d\000e\000\040\000C\000o\000n\000f\000i\000a\000n\000z\000a}{chapter.4}% 44
\BOOKMARK [1][-]{section.4.5}{\376\377\000D\000e\000t\000e\000r\000m\000i\000n\000a\000c\000i\000\363\000n\000\040\000d\000e\000l\000\040\000T\000a\000m\000a\000\361\000o\000\040\000d\000e\000\040\000M\000u\000e\000s\000t\000r\000a}{chapter.4}% 45
\BOOKMARK [1][-]{section.4.6}{\376\377\000C\000o\000n\000s\000i\000d\000e\000r\000a\000c\000i\000o\000n\000e\000s\000\040\000\311\000t\000i\000c\000a\000s\000\040\000y\000\040\000P\000r\000\341\000c\000t\000i\000c\000a\000s}{chapter.4}% 46
\BOOKMARK [0][-]{chapter.5}{\376\377\000F\000u\000n\000d\000a\000m\000e\000n\000t\000o\000s\000\040\000d\000e\000l\000\040\000M\000u\000e\000s\000t\000r\000e\000o\000\040\000E\000s\000t\000a\000d\000\355\000s\000t\000i\000c\000o}{}% 47
\BOOKMARK [1][-]{section.5.1}{\376\377\000I\000n\000t\000r\000o\000d\000u\000c\000c\000i\000\363\000n}{chapter.5}% 48
\BOOKMARK [1][-]{section.5.2}{\376\377\000C\000o\000n\000c\000e\000p\000t\000o\000s\000\040\000F\000u\000n\000d\000a\000m\000e\000n\000t\000a\000l\000e\000s}{chapter.5}% 49
\BOOKMARK [2][-]{subsection.5.2.1}{\376\377\000P\000o\000b\000l\000a\000c\000i\000\363\000n\000\040\000y\000\040\000M\000u\000e\000s\000t\000r\000a}{section.5.2}% 50
\BOOKMARK [2][-]{subsection.5.2.2}{\376\377\000R\000e\000p\000r\000e\000s\000e\000n\000t\000a\000t\000i\000v\000i\000d\000a\000d\000\040\000y\000\040\000V\000a\000r\000i\000a\000b\000i\000l\000i\000d\000a\000d}{section.5.2}% 51
\BOOKMARK [1][-]{section.5.3}{\376\377\000R\000a\000m\000a\000s\000\040\000d\000e\000\040\000l\000a\000\040\000E\000s\000t\000a\000d\000\355\000s\000t\000i\000c\000a}{chapter.5}% 52
\BOOKMARK [2][-]{subsection.5.3.1}{\376\377\000E\000s\000t\000a\000d\000\355\000s\000t\000i\000c\000o\000s\000\040\000y\000\040\000P\000a\000r\000\341\000m\000e\000t\000r\000o\000s}{section.5.3}% 53
\BOOKMARK [1][-]{section.5.4}{\376\377\000V\000a\000r\000i\000a\000b\000l\000e\000s\000\040\000E\000s\000t\000a\000d\000\355\000s\000t\000i\000c\000a\000s\000\040\000y\000\040\000E\000s\000c\000a\000l\000a\000s\000\040\000d\000e\000\040\000M\000e\000d\000i\000c\000i\000\363\000n}{chapter.5}% 54
\BOOKMARK [1][-]{section.5.5}{\376\377\000T\000\351\000c\000n\000i\000c\000a\000s\000\040\000d\000e\000\040\000M\000u\000e\000s\000t\000r\000e\000o}{chapter.5}% 55
\BOOKMARK [2][-]{subsection.5.5.1}{\376\377\000M\000u\000e\000s\000t\000r\000e\000o\000\040\000P\000r\000o\000b\000a\000b\000i\000l\000\355\000s\000t\000i\000c\000o}{section.5.5}% 56
\BOOKMARK [2][-]{subsection.5.5.2}{\376\377\000M\000u\000e\000s\000t\000r\000e\000o\000\040\000N\000o\000\040\000P\000r\000o\000b\000a\000b\000i\000l\000\355\000s\000t\000i\000c\000o}{section.5.5}% 57
\BOOKMARK [1][-]{section.5.6}{\376\377\000A\000p\000l\000i\000c\000a\000c\000i\000o\000n\000e\000s\000\040\000M\000u\000l\000t\000i\000d\000i\000s\000c\000i\000p\000l\000i\000n\000a\000r\000i\000a\000s}{chapter.5}% 58
\BOOKMARK [2][-]{subsection.5.6.1}{\376\377\000I\000n\000g\000e\000n\000i\000e\000r\000\355\000a\000\040\000y\000\040\000C\000o\000n\000t\000r\000o\000l\000\040\000d\000e\000\040\000C\000a\000l\000i\000d\000a\000d}{section.5.6}% 59
\BOOKMARK [2][-]{subsection.5.6.2}{\376\377\000C\000i\000e\000n\000c\000i\000a\000s\000\040\000d\000e\000\040\000l\000a\000\040\000S\000a\000l\000u\000d}{section.5.6}% 60
\BOOKMARK [2][-]{subsection.5.6.3}{\376\377\000C\000i\000e\000n\000c\000i\000a\000s\000\040\000S\000o\000c\000i\000a\000l\000e\000s\000\040\000y\000\040\000M\000a\000r\000k\000e\000t\000i\000n\000g}{section.5.6}% 61
\BOOKMARK [2][-]{subsection.5.6.4}{\376\377\000E\000c\000o\000n\000o\000m\000\355\000a\000\040\000y\000\040\000F\000i\000n\000a\000n\000z\000a\000s}{section.5.6}% 62
\BOOKMARK [1][-]{section.5.7}{\376\377\000P\000e\000r\000s\000p\000e\000c\000t\000i\000v\000a\000\040\000H\000i\000s\000t\000\363\000r\000i\000c\000a\000\040\000y\000\040\000D\000e\000s\000a\000r\000r\000o\000l\000l\000o}{chapter.5}% 63
\BOOKMARK [1][-]{section.5.8}{\376\377\000E\000j\000e\000m\000p\000l\000o\000s\000\040\000P\000r\000\341\000c\000t\000i\000c\000o\000s\000\040\000d\000e\000\040\000I\000m\000p\000l\000e\000m\000e\000n\000t\000a\000c\000i\000\363\000n}{chapter.5}% 64
\BOOKMARK [2][-]{subsection.5.8.1}{\376\377\000C\000a\000s\000o\000s\000\040\000d\000e\000\040\000E\000s\000t\000u\000d\000i\000o\000\040\000e\000n\000\040\000e\000l\000\040\000C\000o\000n\000t\000e\000x\000t\000o\000\040\000C\000o\000l\000o\000m\000b\000i\000a\000n\000o}{section.5.8}% 65
\BOOKMARK [2][-]{subsection.5.8.2}{\376\377\000E\000j\000e\000r\000c\000i\000c\000i\000o\000s\000\040\000d\000e\000\040\000S\000i\000m\000u\000l\000a\000c\000i\000\363\000n}{section.5.8}% 66
\BOOKMARK [1][-]{section.5.9}{\376\377\000H\000e\000r\000r\000a\000m\000i\000e\000n\000t\000a\000s\000\040\000C\000o\000m\000p\000u\000t\000a\000c\000i\000o\000n\000a\000l\000e\000s}{chapter.5}% 67
\BOOKMARK [2][-]{subsection.5.9.1}{\376\377\000I\000m\000p\000l\000e\000m\000e\000n\000t\000a\000c\000i\000\363\000n\000\040\000e\000n\000\040\000P\000y\000t\000h\000o\000n}{section.5.9}% 68
\BOOKMARK [2][-]{subsection.5.9.2}{\376\377\000I\000m\000p\000l\000e\000m\000e\000n\000t\000a\000c\000i\000\363\000n\000\040\000e\000n\000\040\000R}{section.5.9}% 69
\BOOKMARK [1][-]{section.5.10}{\376\377\000C\000o\000n\000s\000i\000d\000e\000r\000a\000c\000i\000o\000n\000e\000s\000\040\000\311\000t\000i\000c\000a\000s\000\040\000y\000\040\000M\000e\000t\000o\000d\000o\000l\000\363\000g\000i\000c\000a\000s}{chapter.5}% 70
\BOOKMARK [1][-]{section.5.11}{\376\377\000C\000o\000n\000c\000l\000u\000s\000i\000o\000n\000e\000s}{chapter.5}% 71
\BOOKMARK [0][-]{chapter.6}{\376\377\000P\000r\000u\000e\000b\000a\000\040\000d\000e\000\040\000H\000i\000p\000\363\000t\000e\000s\000i\000s\000\040\000p\000a\000r\000a\000\040\000u\000n\000a\000\040\000P\000o\000b\000l\000a\000c\000i\000\363\000n}{}% 72
\BOOKMARK [1][-]{section.6.1}{\376\377\000I\000n\000t\000r\000o\000d\000u\000c\000c\000i\000\363\000n\000\040\000y\000\040\000C\000o\000n\000c\000e\000p\000t\000o\000s\000\040\000F\000u\000n\000d\000a\000m\000e\000n\000t\000a\000l\000e\000s}{chapter.6}% 73
\BOOKMARK [2][-]{subsection.6.1.1}{\376\377\000E\000r\000r\000o\000r\000e\000s\000\040\000e\000n\000\040\000l\000a\000s\000\040\000P\000r\000u\000e\000b\000a\000s\000\040\000d\000e\000\040\000H\000i\000p\000\363\000t\000e\000s\000i\000s}{section.6.1}% 74
\BOOKMARK [2][-]{subsection.6.1.2}{\376\377\000M\000e\000t\000o\000d\000o\000l\000o\000g\000\355\000a\000\040\000d\000e\000\040\000l\000a\000\040\000P\000r\000u\000e\000b\000a\000\040\000d\000e\000\040\000H\000i\000p\000\363\000t\000e\000s\000i\000s}{section.6.1}% 75
\BOOKMARK [1][-]{section.6.2}{\376\377\000P\000r\000u\000e\000b\000a\000\040\000d\000e\000\040\000H\000i\000p\000\363\000t\000e\000s\000i\000s\000\040\000p\000a\000r\000a\000\040\000l\000a\000\040\000M\000e\000d\000i\000a\000\040\000P\000o\000b\000l\000a\000c\000i\000o\000n\000a\000l}{chapter.6}% 76
\BOOKMARK [2][-]{subsection.6.2.1}{\376\377\000C\000a\000s\000o\000\040\0001\000:\000\040\000D\000e\000s\000v\000i\000a\000c\000i\000\363\000n\000\040\000E\000s\000t\000\341\000n\000d\000a\000r\000\040\000P\000o\000b\000l\000a\000c\000i\000o\000n\000a\000l\000\040\000C\000o\000n\000o\000c\000i\000d\000a}{section.6.2}% 77
\BOOKMARK [2][-]{subsection.6.2.2}{\376\377\000C\000a\000s\000o\000\040\0002\000:\000\040\000D\000e\000s\000v\000i\000a\000c\000i\000\363\000n\000\040\000E\000s\000t\000\341\000n\000d\000a\000r\000\040\000P\000o\000b\000l\000a\000c\000i\000o\000n\000a\000l\000\040\000D\000e\000s\000c\000o\000n\000o\000c\000i\000d\000a}{section.6.2}% 78
\BOOKMARK [1][-]{section.6.3}{\376\377\000P\000r\000u\000e\000b\000a\000\040\000d\000e\000\040\000H\000i\000p\000\363\000t\000e\000s\000i\000s\000\040\000p\000a\000r\000a\000\040\000l\000a\000\040\000P\000r\000o\000p\000o\000r\000c\000i\000\363\000n\000\040\000P\000o\000b\000l\000a\000c\000i\000o\000n\000a\000l}{chapter.6}% 79
\BOOKMARK [1][-]{section.6.4}{\376\377\000P\000r\000u\000e\000b\000a\000\040\000d\000e\000\040\000H\000i\000p\000\363\000t\000e\000s\000i\000s\000\040\000p\000a\000r\000a\000\040\000l\000a\000\040\000V\000a\000r\000i\000a\000n\000z\000a\000\040\000P\000o\000b\000l\000a\000c\000i\000o\000n\000a\000l}{chapter.6}% 80
\BOOKMARK [1][-]{section.6.5}{\376\377\000C\000o\000n\000s\000i\000d\000e\000r\000a\000c\000i\000o\000n\000e\000s\000\040\000P\000r\000\341\000c\000t\000i\000c\000a\000s\000\040\000y\000\040\000R\000e\000c\000o\000m\000e\000n\000d\000a\000c\000i\000o\000n\000e\000s}{chapter.6}% 81
\BOOKMARK [1][-]{section.6.6}{\376\377\000E\000j\000e\000r\000c\000i\000c\000i\000o\000s\000\040\000P\000r\000o\000p\000u\000e\000s\000t\000o\000s}{chapter.6}% 82
\BOOKMARK [0][-]{chapter.7}{\376\377\000P\000r\000u\000e\000b\000a\000s\000\040\000d\000e\000\040\000H\000i\000p\000\363\000t\000e\000s\000i\000s\000\040\000p\000a\000r\000a\000\040\000D\000o\000s\000\040\000P\000o\000b\000l\000a\000c\000i\000o\000n\000e\000s}{}% 83
\BOOKMARK [1][-]{section.7.1}{\376\377\000F\000u\000n\000d\000a\000m\000e\000n\000t\000o\000s\000\040\000d\000e\000\040\000l\000a\000\040\000I\000n\000f\000e\000r\000e\000n\000c\000i\000a\000\040\000B\000i\000p\000o\000b\000l\000a\000c\000i\000o\000n\000a\000l}{chapter.7}% 84
\BOOKMARK [1][-]{section.7.2}{\376\377\000C\000o\000m\000p\000a\000r\000a\000c\000i\000\363\000n\000\040\000d\000e\000\040\000M\000e\000d\000i\000a\000s\000\040\000P\000o\000b\000l\000a\000c\000i\000o\000n\000a\000l\000e\000s}{chapter.7}% 85
\BOOKMARK [2][-]{subsection.7.2.1}{\376\377\000P\000r\000u\000e\000b\000a\000\040\000Z\000\040\000p\000a\000r\000a\000\040\000D\000i\000f\000e\000r\000e\000n\000c\000i\000a\000\040\000d\000e\000\040\000M\000e\000d\000i\000a\000s}{section.7.2}% 86
\BOOKMARK [2][-]{subsection.7.2.2}{\376\377\000P\000r\000u\000e\000b\000a\000\040\000t\000\040\000p\000a\000r\000a\000\040\000D\000i\000f\000e\000r\000e\000n\000c\000i\000a\000\040\000d\000e\000\040\000M\000e\000d\000i\000a\000s}{section.7.2}% 87
\BOOKMARK [2][-]{subsection.7.2.3}{\376\377\000P\000r\000u\000e\000b\000a\000\040\000t\000\040\000p\000a\000r\000a\000\040\000M\000u\000e\000s\000t\000r\000a\000s\000\040\000P\000a\000r\000e\000a\000d\000a\000s}{section.7.2}% 88
\BOOKMARK [1][-]{section.7.3}{\376\377\000C\000o\000m\000p\000a\000r\000a\000c\000i\000\363\000n\000\040\000d\000e\000\040\000P\000r\000o\000p\000o\000r\000c\000i\000o\000n\000e\000s\000\040\000P\000o\000b\000l\000a\000c\000i\000o\000n\000a\000l\000e\000s}{chapter.7}% 89
\BOOKMARK [2][-]{subsection.7.3.1}{\376\377\000P\000r\000u\000e\000b\000a\000\040\000C\000h\000i\000-\000c\000u\000a\000d\000r\000a\000d\000o\000\040\000p\000a\000r\000a\000\040\000T\000a\000b\000l\000a\000s\000\040\000d\000e\000\040\000C\000o\000n\000t\000i\000n\000g\000e\000n\000c\000i\000a}{section.7.3}% 90
\BOOKMARK [1][-]{section.7.4}{\376\377\000C\000o\000m\000p\000a\000r\000a\000c\000i\000\363\000n\000\040\000d\000e\000\040\000V\000a\000r\000i\000a\000n\000z\000a\000s\000\040\000P\000o\000b\000l\000a\000c\000i\000o\000n\000a\000l\000e\000s}{chapter.7}% 91
\BOOKMARK [1][-]{section.7.5}{\376\377\000C\000o\000n\000s\000i\000d\000e\000r\000a\000c\000i\000o\000n\000e\000s\000\040\000P\000r\000\341\000c\000t\000i\000c\000a\000s}{chapter.7}% 92
\BOOKMARK [1][-]{section.7.6}{\376\377\000E\000j\000e\000r\000c\000i\000c\000i\000o\000s\000\040\000P\000r\000o\000p\000u\000e\000s\000t\000o\000s}{chapter.7}% 93
\BOOKMARK [0][-]{chapter.8}{\376\377\000A\000n\000\341\000l\000i\000s\000i\000s\000\040\000d\000e\000\040\000l\000a\000\040\000V\000a\000r\000i\000a\000n\000z\000a\000\040\000\050\000A\000N\000O\000V\000A\000\051}{}% 94
\BOOKMARK [1][-]{section.8.1}{\376\377\000F\000u\000n\000d\000a\000m\000e\000n\000t\000o\000s\000\040\000d\000e\000l\000\040\000A\000n\000\341\000l\000i\000s\000i\000s\000\040\000d\000e\000\040\000V\000a\000r\000i\000a\000n\000z\000a}{chapter.8}% 95
\BOOKMARK [2][-]{subsection.8.1.1}{\376\377\000F\000u\000n\000d\000a\000m\000e\000n\000t\000o\000\040\000M\000a\000t\000e\000m\000\341\000t\000i\000c\000o\000\040\000d\000e\000l\000\040\000M\000\351\000t\000o\000d\000o}{section.8.1}% 96
\BOOKMARK [2][-]{subsection.8.1.2}{\376\377\000S\000u\000p\000u\000e\000s\000t\000o\000s\000\040\000d\000e\000l\000\040\000M\000o\000d\000e\000l\000o\000\040\000A\000N\000O\000V\000A}{section.8.1}% 97
\BOOKMARK [2][-]{subsection.8.1.3}{\376\377\000E\000l\000\040\000E\000s\000t\000a\000d\000\355\000s\000t\000i\000c\000o\000\040\000F\000\040\000y\000\040\000s\000u\000\040\000I\000n\000t\000e\000r\000p\000r\000e\000t\000a\000c\000i\000\363\000n}{section.8.1}% 98
\BOOKMARK [1][-]{section.8.2}{\376\377\000A\000N\000O\000V\000A\000\040\000d\000e\000\040\000U\000n\000\040\000F\000a\000c\000t\000o\000r}{chapter.8}% 99
\BOOKMARK [2][-]{subsection.8.2.1}{\376\377\000D\000i\000s\000e\000\361\000o\000\040\000C\000o\000m\000p\000l\000e\000t\000a\000m\000e\000n\000t\000e\000\040\000A\000l\000e\000a\000t\000o\000r\000i\000z\000a\000d\000o}{section.8.2}% 100
\BOOKMARK [2][-]{subsection.8.2.2}{\376\377\000D\000e\000s\000c\000o\000m\000p\000o\000s\000i\000c\000i\000\363\000n\000\040\000d\000e\000\040\000l\000a\000\040\000V\000a\000r\000i\000a\000n\000z\000a}{section.8.2}% 101
\BOOKMARK [2][-]{subsection.8.2.3}{\376\377\000P\000r\000u\000e\000b\000a\000\040\000d\000e\000\040\000H\000i\000p\000\363\000t\000e\000s\000i\000s\000\040\000e\000n\000\040\000A\000N\000O\000V\000A}{section.8.2}% 102
\BOOKMARK [1][-]{section.8.3}{\376\377\000A\000N\000O\000V\000A\000\040\000d\000e\000\040\000D\000o\000s\000\040\000F\000a\000c\000t\000o\000r\000e\000s\000\040\000c\000o\000n\000\040\000R\000e\000p\000l\000i\000c\000a\000c\000i\000\363\000n}{chapter.8}% 103
\BOOKMARK [2][-]{subsection.8.3.1}{\376\377\000D\000i\000s\000e\000\361\000o\000\040\000F\000a\000c\000t\000o\000r\000i\000a\000l\000\040\000C\000o\000m\000p\000l\000e\000t\000o}{section.8.3}% 104
\BOOKMARK [2][-]{subsection.8.3.2}{\376\377\000T\000a\000b\000l\000a\000\040\000A\000N\000O\000V\000A\000\040\000E\000x\000t\000e\000n\000d\000i\000d\000a}{section.8.3}% 105
\BOOKMARK [1][-]{section.8.4}{\376\377\000A\000N\000O\000V\000A\000\040\000d\000e\000\040\000D\000o\000s\000\040\000F\000a\000c\000t\000o\000r\000e\000s\000\040\000s\000i\000n\000\040\000R\000e\000p\000l\000i\000c\000a\000c\000i\000\363\000n}{chapter.8}% 106
\BOOKMARK [2][-]{subsection.8.4.1}{\376\377\000L\000i\000m\000i\000t\000a\000c\000i\000o\000n\000e\000s\000\040\000d\000e\000l\000\040\000D\000i\000s\000e\000\361\000o}{section.8.4}% 107
\BOOKMARK [1][-]{section.8.5}{\376\377\000A\000p\000l\000i\000c\000a\000c\000i\000o\000n\000e\000s\000\040\000P\000r\000\341\000c\000t\000i\000c\000a\000s\000\040\000d\000e\000l\000\040\000A\000N\000O\000V\000A}{chapter.8}% 108
\BOOKMARK [2][-]{subsection.8.5.1}{\376\377\000A\000p\000l\000i\000c\000a\000c\000i\000o\000n\000e\000s\000\040\000p\000o\000r\000\040\000D\000i\000s\000c\000i\000p\000l\000i\000n\000a}{section.8.5}% 109
\BOOKMARK [2][-]{subsection.8.5.2}{\376\377\000I\000m\000p\000l\000e\000m\000e\000n\000t\000a\000c\000i\000\363\000n\000\040\000C\000o\000m\000p\000u\000t\000a\000c\000i\000o\000n\000a\000l}{section.8.5}% 110
\BOOKMARK [1][-]{section.8.6}{\376\377\000M\000e\000t\000o\000d\000o\000l\000o\000g\000\355\000a\000\040\000d\000e\000l\000\040\000A\000n\000\341\000l\000i\000s\000i\000s\000\040\000A\000N\000O\000V\000A}{chapter.8}% 111
\BOOKMARK [1][-]{section.8.7}{\376\377\000C\000o\000n\000s\000i\000d\000e\000r\000a\000c\000i\000o\000n\000e\000s\000\040\000A\000d\000i\000c\000i\000o\000n\000a\000l\000e\000s}{chapter.8}% 112
\BOOKMARK [1][-]{section.8.8}{\376\377\000E\000j\000e\000r\000c\000i\000c\000i\000o\000s\000\040\000P\000r\000o\000p\000u\000e\000s\000t\000o\000s}{chapter.8}% 113
\BOOKMARK [0][-]{chapter.9}{\376\377\000R\000e\000g\000r\000e\000s\000i\000\363\000n\000\040\000y\000\040\000C\000o\000r\000r\000e\000l\000a\000c\000i\000\363\000n}{}% 114
\BOOKMARK [1][-]{section.9.1}{\376\377\000F\000u\000n\000d\000a\000m\000e\000n\000t\000o\000s\000\040\000d\000e\000\040\000l\000a\000\040\000R\000e\000g\000r\000e\000s\000i\000\363\000n\000\040\000L\000i\000n\000e\000a\000l}{chapter.9}% 115
\BOOKMARK [2][-]{subsection.9.1.1}{\376\377\000M\000o\000d\000e\000l\000o\000\040\000M\000a\000t\000e\000m\000\341\000t\000i\000c\000o}{section.9.1}% 116
\BOOKMARK [2][-]{subsection.9.1.2}{\376\377\000S\000u\000p\000u\000e\000s\000t\000o\000s\000\040\000d\000e\000l\000\040\000M\000o\000d\000e\000l\000o\000\040\000C\000l\000\341\000s\000i\000c\000o}{section.9.1}% 117
\BOOKMARK [1][-]{section.9.2}{\376\377\000E\000s\000t\000i\000m\000a\000c\000i\000\363\000n\000\040\000p\000o\000r\000\040\000M\000\355\000n\000i\000m\000o\000s\000\040\000C\000u\000a\000d\000r\000a\000d\000o\000s}{chapter.9}% 118
\BOOKMARK [1][-]{section.9.3}{\376\377\000A\000n\000\341\000l\000i\000s\000i\000s\000\040\000d\000e\000\040\000C\000o\000r\000r\000e\000l\000a\000c\000i\000\363\000n}{chapter.9}% 119
\BOOKMARK [1][-]{section.9.4}{\376\377\000I\000n\000f\000e\000r\000e\000n\000c\000i\000a\000\040\000E\000s\000t\000a\000d\000\355\000s\000t\000i\000c\000a}{chapter.9}% 120
\BOOKMARK [2][-]{subsection.9.4.1}{\376\377\000P\000r\000u\000e\000b\000a\000s\000\040\000d\000e\000\040\000H\000i\000p\000\363\000t\000e\000s\000i\000s}{section.9.4}% 121
\BOOKMARK [1][-]{section.9.5}{\376\377\000A\000n\000\341\000l\000i\000s\000i\000s\000\040\000d\000e\000\040\000R\000e\000s\000i\000d\000u\000o\000s}{chapter.9}% 122
\BOOKMARK [1][-]{section.9.6}{\376\377\000R\000e\000g\000r\000e\000s\000i\000\363\000n\000\040\000M\000\372\000l\000t\000i\000p\000l\000e}{chapter.9}% 123
\BOOKMARK [2][-]{subsection.9.6.1}{\376\377\000M\000u\000l\000t\000i\000c\000o\000l\000i\000n\000e\000a\000l\000i\000d\000a\000d}{section.9.6}% 124
\BOOKMARK [1][-]{section.9.7}{\376\377\000E\000x\000t\000e\000n\000s\000i\000o\000n\000e\000s\000\040\000d\000e\000l\000\040\000M\000o\000d\000e\000l\000o\000\040\000L\000i\000n\000e\000a\000l}{chapter.9}% 125
\BOOKMARK [2][-]{subsection.9.7.1}{\376\377\000M\000o\000d\000e\000l\000o\000s\000\040\000P\000o\000l\000i\000n\000o\000m\000i\000a\000l\000e\000s}{section.9.7}% 126
\BOOKMARK [2][-]{subsection.9.7.2}{\376\377\000T\000\351\000r\000m\000i\000n\000o\000s\000\040\000d\000e\000\040\000I\000n\000t\000e\000r\000a\000c\000c\000i\000\363\000n}{section.9.7}% 127
\BOOKMARK [2][-]{subsection.9.7.3}{\376\377\000V\000a\000r\000i\000a\000b\000l\000e\000s\000\040\000I\000n\000d\000i\000c\000a\000d\000o\000r\000a\000s}{section.9.7}% 128
\BOOKMARK [1][-]{section.9.8}{\376\377\000R\000e\000g\000r\000e\000s\000i\000\363\000n\000\040\000c\000o\000n\000\040\000M\000a\000t\000r\000i\000c\000e\000s}{chapter.9}% 129
\BOOKMARK [1][-]{section.9.9}{\376\377\000R\000e\000g\000r\000e\000s\000i\000\363\000n\000\040\000L\000o\000g\000\355\000s\000t\000i\000c\000a}{chapter.9}% 130
\BOOKMARK [1][-]{section.9.10}{\376\377\000A\000p\000l\000i\000c\000a\000c\000i\000o\000n\000e\000s\000\040\000D\000i\000s\000c\000i\000p\000l\000i\000n\000a\000r\000i\000a\000s}{chapter.9}% 131
\BOOKMARK [2][-]{subsection.9.10.1}{\376\377\000I\000n\000g\000e\000n\000i\000e\000r\000\355\000a\000\040\000I\000n\000d\000u\000s\000t\000r\000i\000a\000l}{section.9.10}% 132
\BOOKMARK [2][-]{subsection.9.10.2}{\376\377\000M\000e\000d\000i\000c\000i\000n\000a}{section.9.10}% 133
\BOOKMARK [2][-]{subsection.9.10.3}{\376\377\000E\000c\000o\000n\000o\000m\000\355\000a}{section.9.10}% 134
\BOOKMARK [2][-]{subsection.9.10.4}{\376\377\000A\000d\000m\000i\000n\000i\000s\000t\000r\000a\000c\000i\000\363\000n}{section.9.10}% 135
\BOOKMARK [1][-]{section.9.11}{\376\377\000C\000o\000n\000s\000i\000d\000e\000r\000a\000c\000i\000o\000n\000e\000s\000\040\000F\000i\000n\000a\000l\000e\000s}{chapter.9}% 136
\BOOKMARK [0][-]{chapter.10}{\376\377\000A\000n\000e\000x\000o\000:\000\040\000F\000u\000n\000c\000i\000o\000n\000e\000s\000\040\000d\000e\000\040\000P\000y\000t\000h\000o\000n\000\040\000y\000\040\000R\000\040\000p\000a\000r\000a\000\040\000E\000s\000t\000a\000d\000\355\000s\000t\000i\000c\000a\000\040\000I\000n\000f\000e\000r\000e\000n\000c\000i\000a\000l}{}% 137
\BOOKMARK [1][-]{section.10.1}{\376\377\0001\000.\000\040\000P\000r\000u\000e\000b\000a\000s\000\040\000d\000e\000\040\000h\000i\000p\000\363\000t\000e\000s\000i\000s\000\040\000p\000a\000r\000a\000\040\000u\000n\000a\000\040\000m\000e\000d\000i\000a}{chapter.10}% 138
\BOOKMARK [0][-]{chapter*.32}{\376\377\000B\000i\000b\000l\000i\000o\000g\000r\000a\000f\000\355\000a}{}% 139
